<?xml version="1.0" encoding="UTF-8"?>
<!-- Generated by org.testng.reporters.JUnitReportReporter -->
<testsuite hostname="DESKTOP-CDRD54P" failures="0" tests="2000" name="testNGFlags.Flag3" time="3.231" errors="0" timestamp="2023-05-26T10:27:11 IST" skipped="0">
  <testcase classname="testNGFlags.Flag3" name="method1" time="0.004"/>
  <system-out>
    <![CDATA[Login Test case!!!]]>
  </system-out>
  <testcase classname="testNGFlags.Flag3" name="method1" time="0.002"/>
  <system-out>
    <![CDATA[Login Test case!!!]]>
  </system-out>
  <testcase classname="testNGFlags.Flag3" name="method1" time="0.000"/>
  <system-out>
    <![CDATA[Login Test case!!!]]>
  </system-out>
  <testcase classname="testNGFlags.Flag3" name="method1" time="0.000"/>
  <system-out>
    <![CDATA[Login Test case!!!]]>
  </system-out>
  <testcase classname="testNGFlags.Flag3" name="method1" time="0.003"/>
  <system-out>
    <![CDATA[Login Test case!!!]]>
  </system-out>
  <testcase classname="testNGFlags.Flag3" name="method1" time="0.000"/>
  <system-out>
    <![CDATA[Login Test case!!!]]>
  </system-out>
  <testcase classname="testNGFlags.Flag3" name="method1" time="0.001"/>
  <system-out>
    <![CDATA[Login Test case!!!]]>
  </system-out>
  <testcase classname="testNGFlags.Flag3" name="method1" time="0.001"/>
  <system-out>
    <![CDATA[Login Test case!!!]]>
  </system-out>
  <testcase classname="testNGFlags.Flag3" name="method1" time="0.002"/>
  <system-out>
    <![CDATA[Login Test case!!!]]>
  </system-out>
  <testcase classname="testNGFlags.Flag3" name="method1" time="0.001"/>
  <system-out>
    <![CDATA[Login Test case!!!]]>
  </system-out>
  <testcase classname="testNGFlags.Flag3" name="method1" time="0.002"/>
  <system-out>
    <![CDATA[Login Test case!!!]]>
  </system-out>
  <testcase classname="testNGFlags.Flag3" name="method1" time="0.002"/>
  <system-out>
    <![CDATA[Login Test case!!!]]>
  </system-out>
  <testcase classname="testNGFlags.Flag3" name="method1" time="0.001"/>
  <system-out>
    <![CDATA[Login Test case!!!]]>
  </system-out>
  <testcase classname="testNGFlags.Flag3" name="method1" time="0.001"/>
  <system-out>
    <![CDATA[Login Test case!!!]]>
  </system-out>
  <testcase classname="testNGFlags.Flag3" name="method1" time="0.001"/>
  <system-out>
    <![CDATA[Login Test case!!!]]>
  </system-out>
  <testcase classname="testNGFlags.Flag3" name="method1" time="0.001"/>
  <system-out>
    <![CDATA[Login Test case!!!]]>
  </system-out>
  <testcase classname="testNGFlags.Flag3" name="method1" time="0.004"/>
  <system-out>
    <![CDATA[Login Test case!!!]]>
  </system-out>
  <testcase classname="testNGFlags.Flag3" name="method1" time="0.002"/>
  <system-out>
    <![CDATA[Login Test case!!!]]>
  </system-out>
  <testcase classname="testNGFlags.Flag3" name="method1" time="0.001"/>
  <system-out>
    <![CDATA[Login Test case!!!]]>
  </system-out>
  <testcase classname="testNGFlags.Flag3" name="method1" time="0.004"/>
  <system-out>
    <![CDATA[Login Test case!!!]]>
  </system-out>
  <testcase classname="testNGFlags.Flag3" name="method1" time="0.001"/>
  <system-out>
    <![CDATA[Login Test case!!!]]>
  </system-out>
  <testcase classname="testNGFlags.Flag3" name="method1" time="0.001"/>
  <system-out>
    <![CDATA[Login Test case!!!]]>
  </system-out>
  <testcase classname="testNGFlags.Flag3" name="method1" time="0.003"/>
  <system-out>
    <![CDATA[Login Test case!!!]]>
  </system-out>
  <testcase classname="testNGFlags.Flag3" name="method1" time="0.002"/>
  <system-out>
    <![CDATA[Login Test case!!!]]>
  </system-out>
  <testcase classname="testNGFlags.Flag3" name="method1" time="0.006"/>
  <system-out>
    <![CDATA[Login Test case!!!]]>
  </system-out>
  <testcase classname="testNGFlags.Flag3" name="method1" time="0.001"/>
  <system-out>
    <![CDATA[Login Test case!!!]]>
  </system-out>
  <testcase classname="testNGFlags.Flag3" name="method1" time="0.001"/>
  <system-out>
    <![CDATA[Login Test case!!!]]>
  </system-out>
  <testcase classname="testNGFlags.Flag3" name="method1" time="0.000"/>
  <system-out>
    <![CDATA[Login Test case!!!]]>
  </system-out>
  <testcase classname="testNGFlags.Flag3" name="method1" time="0.000"/>
  <system-out>
    <![CDATA[Login Test case!!!]]>
  </system-out>
  <testcase classname="testNGFlags.Flag3" name="method1" time="0.000"/>
  <system-out>
    <![CDATA[Login Test case!!!]]>
  </system-out>
  <testcase classname="testNGFlags.Flag3" name="method1" time="0.001"/>
  <system-out>
    <![CDATA[Login Test case!!!]]>
  </system-out>
  <testcase classname="testNGFlags.Flag3" name="method1" time="0.001"/>
  <system-out>
    <![CDATA[Login Test case!!!]]>
  </system-out>
  <testcase classname="testNGFlags.Flag3" name="method1" time="0.000"/>
  <system-out>
    <![CDATA[Login Test case!!!]]>
  </system-out>
  <testcase classname="testNGFlags.Flag3" name="method1" time="0.001"/>
  <system-out>
    <![CDATA[Login Test case!!!]]>
  </system-out>
  <testcase classname="testNGFlags.Flag3" name="method1" time="0.004"/>
  <system-out>
    <![CDATA[Login Test case!!!]]>
  </system-out>
  <testcase classname="testNGFlags.Flag3" name="method1" time="0.010"/>
  <system-out>
    <![CDATA[Login Test case!!!]]>
  </system-out>
  <testcase classname="testNGFlags.Flag3" name="method1" time="0.003"/>
  <system-out>
    <![CDATA[Login Test case!!!]]>
  </system-out>
  <testcase classname="testNGFlags.Flag3" name="method1" time="0.001"/>
  <system-out>
    <![CDATA[Login Test case!!!]]>
  </system-out>
  <testcase classname="testNGFlags.Flag3" name="method1" time="0.002"/>
  <system-out>
    <![CDATA[Login Test case!!!]]>
  </system-out>
  <testcase classname="testNGFlags.Flag3" name="method1" time="0.002"/>
  <system-out>
    <![CDATA[Login Test case!!!]]>
  </system-out>
  <testcase classname="testNGFlags.Flag3" name="method1" time="0.002"/>
  <system-out>
    <![CDATA[Login Test case!!!]]>
  </system-out>
  <testcase classname="testNGFlags.Flag3" name="method1" time="0.003"/>
  <system-out>
    <![CDATA[Login Test case!!!]]>
  </system-out>
  <testcase classname="testNGFlags.Flag3" name="method1" time="0.002"/>
  <system-out>
    <![CDATA[Login Test case!!!]]>
  </system-out>
  <testcase classname="testNGFlags.Flag3" name="method1" time="0.001"/>
  <system-out>
    <![CDATA[Login Test case!!!]]>
  </system-out>
  <testcase classname="testNGFlags.Flag3" name="method1" time="0.001"/>
  <system-out>
    <![CDATA[Login Test case!!!]]>
  </system-out>
  <testcase classname="testNGFlags.Flag3" name="method1" time="0.000"/>
  <system-out>
    <![CDATA[Login Test case!!!]]>
  </system-out>
  <testcase classname="testNGFlags.Flag3" name="method1" time="0.000"/>
  <system-out>
    <![CDATA[Login Test case!!!]]>
  </system-out>
  <testcase classname="testNGFlags.Flag3" name="method1" time="0.001"/>
  <system-out>
    <![CDATA[Login Test case!!!]]>
  </system-out>
  <testcase classname="testNGFlags.Flag3" name="method1" time="0.005"/>
  <system-out>
    <![CDATA[Login Test case!!!]]>
  </system-out>
  <testcase classname="testNGFlags.Flag3" name="method1" time="0.001"/>
  <system-out>
    <![CDATA[Login Test case!!!]]>
  </system-out>
  <testcase classname="testNGFlags.Flag3" name="method1" time="0.001"/>
  <system-out>
    <![CDATA[Login Test case!!!]]>
  </system-out>
  <testcase classname="testNGFlags.Flag3" name="method1" time="0.002"/>
  <system-out>
    <![CDATA[Login Test case!!!]]>
  </system-out>
  <testcase classname="testNGFlags.Flag3" name="method1" time="0.001"/>
  <system-out>
    <![CDATA[Login Test case!!!]]>
  </system-out>
  <testcase classname="testNGFlags.Flag3" name="method1" time="0.002"/>
  <system-out>
    <![CDATA[Login Test case!!!]]>
  </system-out>
  <testcase classname="testNGFlags.Flag3" name="method1" time="0.000"/>
  <system-out>
    <![CDATA[Login Test case!!!]]>
  </system-out>
  <testcase classname="testNGFlags.Flag3" name="method1" time="0.002"/>
  <system-out>
    <![CDATA[Login Test case!!!]]>
  </system-out>
  <testcase classname="testNGFlags.Flag3" name="method1" time="0.001"/>
  <system-out>
    <![CDATA[Login Test case!!!]]>
  </system-out>
  <testcase classname="testNGFlags.Flag3" name="method1" time="0.004"/>
  <system-out>
    <![CDATA[Login Test case!!!]]>
  </system-out>
  <testcase classname="testNGFlags.Flag3" name="method1" time="0.000"/>
  <system-out>
    <![CDATA[Login Test case!!!]]>
  </system-out>
  <testcase classname="testNGFlags.Flag3" name="method1" time="0.001"/>
  <system-out>
    <![CDATA[Login Test case!!!]]>
  </system-out>
  <testcase classname="testNGFlags.Flag3" name="method1" time="0.001"/>
  <system-out>
    <![CDATA[Login Test case!!!]]>
  </system-out>
  <testcase classname="testNGFlags.Flag3" name="method1" time="0.001"/>
  <system-out>
    <![CDATA[Login Test case!!!]]>
  </system-out>
  <testcase classname="testNGFlags.Flag3" name="method1" time="0.000"/>
  <system-out>
    <![CDATA[Login Test case!!!]]>
  </system-out>
  <testcase classname="testNGFlags.Flag3" name="method1" time="0.002"/>
  <system-out>
    <![CDATA[Login Test case!!!]]>
  </system-out>
  <testcase classname="testNGFlags.Flag3" name="method1" time="0.001"/>
  <system-out>
    <![CDATA[Login Test case!!!]]>
  </system-out>
  <testcase classname="testNGFlags.Flag3" name="method1" time="0.001"/>
  <system-out>
    <![CDATA[Login Test case!!!]]>
  </system-out>
  <testcase classname="testNGFlags.Flag3" name="method1" time="0.001"/>
  <system-out>
    <![CDATA[Login Test case!!!]]>
  </system-out>
  <testcase classname="testNGFlags.Flag3" name="method1" time="0.001"/>
  <system-out>
    <![CDATA[Login Test case!!!]]>
  </system-out>
  <testcase classname="testNGFlags.Flag3" name="method1" time="0.001"/>
  <system-out>
    <![CDATA[Login Test case!!!]]>
  </system-out>
  <testcase classname="testNGFlags.Flag3" name="method1" time="0.002"/>
  <system-out>
    <![CDATA[Login Test case!!!]]>
  </system-out>
  <testcase classname="testNGFlags.Flag3" name="method1" time="0.001"/>
  <system-out>
    <![CDATA[Login Test case!!!]]>
  </system-out>
  <testcase classname="testNGFlags.Flag3" name="method1" time="0.003"/>
  <system-out>
    <![CDATA[Login Test case!!!]]>
  </system-out>
  <testcase classname="testNGFlags.Flag3" name="method1" time="0.001"/>
  <system-out>
    <![CDATA[Login Test case!!!]]>
  </system-out>
  <testcase classname="testNGFlags.Flag3" name="method1" time="0.002"/>
  <system-out>
    <![CDATA[Login Test case!!!]]>
  </system-out>
  <testcase classname="testNGFlags.Flag3" name="method1" time="0.002"/>
  <system-out>
    <![CDATA[Login Test case!!!]]>
  </system-out>
  <testcase classname="testNGFlags.Flag3" name="method1" time="0.001"/>
  <system-out>
    <![CDATA[Login Test case!!!]]>
  </system-out>
  <testcase classname="testNGFlags.Flag3" name="method1" time="0.000"/>
  <system-out>
    <![CDATA[Login Test case!!!]]>
  </system-out>
  <testcase classname="testNGFlags.Flag3" name="method1" time="0.006"/>
  <system-out>
    <![CDATA[Login Test case!!!]]>
  </system-out>
  <testcase classname="testNGFlags.Flag3" name="method1" time="0.001"/>
  <system-out>
    <![CDATA[Login Test case!!!]]>
  </system-out>
  <testcase classname="testNGFlags.Flag3" name="method1" time="0.001"/>
  <system-out>
    <![CDATA[Login Test case!!!]]>
  </system-out>
  <testcase classname="testNGFlags.Flag3" name="method1" time="0.015"/>
  <system-out>
    <![CDATA[Login Test case!!!]]>
  </system-out>
  <testcase classname="testNGFlags.Flag3" name="method1" time="0.001"/>
  <system-out>
    <![CDATA[Login Test case!!!]]>
  </system-out>
  <testcase classname="testNGFlags.Flag3" name="method1" time="0.002"/>
  <system-out>
    <![CDATA[Login Test case!!!]]>
  </system-out>
  <testcase classname="testNGFlags.Flag3" name="method1" time="0.001"/>
  <system-out>
    <![CDATA[Login Test case!!!]]>
  </system-out>
  <testcase classname="testNGFlags.Flag3" name="method1" time="0.001"/>
  <system-out>
    <![CDATA[Login Test case!!!]]>
  </system-out>
  <testcase classname="testNGFlags.Flag3" name="method1" time="0.000"/>
  <system-out>
    <![CDATA[Login Test case!!!]]>
  </system-out>
  <testcase classname="testNGFlags.Flag3" name="method1" time="0.001"/>
  <system-out>
    <![CDATA[Login Test case!!!]]>
  </system-out>
  <testcase classname="testNGFlags.Flag3" name="method1" time="0.000"/>
  <system-out>
    <![CDATA[Login Test case!!!]]>
  </system-out>
  <testcase classname="testNGFlags.Flag3" name="method1" time="0.001"/>
  <system-out>
    <![CDATA[Login Test case!!!]]>
  </system-out>
  <testcase classname="testNGFlags.Flag3" name="method1" time="0.001"/>
  <system-out>
    <![CDATA[Login Test case!!!]]>
  </system-out>
  <testcase classname="testNGFlags.Flag3" name="method1" time="0.001"/>
  <system-out>
    <![CDATA[Login Test case!!!]]>
  </system-out>
  <testcase classname="testNGFlags.Flag3" name="method1" time="0.001"/>
  <system-out>
    <![CDATA[Login Test case!!!]]>
  </system-out>
  <testcase classname="testNGFlags.Flag3" name="method1" time="0.003"/>
  <system-out>
    <![CDATA[Login Test case!!!]]>
  </system-out>
  <testcase classname="testNGFlags.Flag3" name="method1" time="0.000"/>
  <system-out>
    <![CDATA[Login Test case!!!]]>
  </system-out>
  <testcase classname="testNGFlags.Flag3" name="method1" time="0.009"/>
  <system-out>
    <![CDATA[Login Test case!!!]]>
  </system-out>
  <testcase classname="testNGFlags.Flag3" name="method1" time="0.001"/>
  <system-out>
    <![CDATA[Login Test case!!!]]>
  </system-out>
  <testcase classname="testNGFlags.Flag3" name="method1" time="0.002"/>
  <system-out>
    <![CDATA[Login Test case!!!]]>
  </system-out>
  <testcase classname="testNGFlags.Flag3" name="method1" time="0.001"/>
  <system-out>
    <![CDATA[Login Test case!!!]]>
  </system-out>
  <testcase classname="testNGFlags.Flag3" name="method1" time="0.002"/>
  <system-out>
    <![CDATA[Login Test case!!!]]>
  </system-out>
  <testcase classname="testNGFlags.Flag3" name="method1" time="0.002"/>
  <system-out>
    <![CDATA[Login Test case!!!]]>
  </system-out>
  <testcase classname="testNGFlags.Flag3" name="method1" time="0.000"/>
  <system-out>
    <![CDATA[Login Test case!!!]]>
  </system-out>
  <testcase classname="testNGFlags.Flag3" name="method1" time="0.001"/>
  <system-out>
    <![CDATA[Login Test case!!!]]>
  </system-out>
  <testcase classname="testNGFlags.Flag3" name="method1" time="0.000"/>
  <system-out>
    <![CDATA[Login Test case!!!]]>
  </system-out>
  <testcase classname="testNGFlags.Flag3" name="method1" time="0.003"/>
  <system-out>
    <![CDATA[Login Test case!!!]]>
  </system-out>
  <testcase classname="testNGFlags.Flag3" name="method1" time="0.001"/>
  <system-out>
    <![CDATA[Login Test case!!!]]>
  </system-out>
  <testcase classname="testNGFlags.Flag3" name="method1" time="0.002"/>
  <system-out>
    <![CDATA[Login Test case!!!]]>
  </system-out>
  <testcase classname="testNGFlags.Flag3" name="method1" time="0.001"/>
  <system-out>
    <![CDATA[Login Test case!!!]]>
  </system-out>
  <testcase classname="testNGFlags.Flag3" name="method1" time="0.003"/>
  <system-out>
    <![CDATA[Login Test case!!!]]>
  </system-out>
  <testcase classname="testNGFlags.Flag3" name="method1" time="0.000"/>
  <system-out>
    <![CDATA[Login Test case!!!]]>
  </system-out>
  <testcase classname="testNGFlags.Flag3" name="method1" time="0.001"/>
  <system-out>
    <![CDATA[Login Test case!!!]]>
  </system-out>
  <testcase classname="testNGFlags.Flag3" name="method1" time="0.001"/>
  <system-out>
    <![CDATA[Login Test case!!!]]>
  </system-out>
  <testcase classname="testNGFlags.Flag3" name="method1" time="0.002"/>
  <system-out>
    <![CDATA[Login Test case!!!]]>
  </system-out>
  <testcase classname="testNGFlags.Flag3" name="method1" time="0.001"/>
  <system-out>
    <![CDATA[Login Test case!!!]]>
  </system-out>
  <testcase classname="testNGFlags.Flag3" name="method1" time="0.001"/>
  <system-out>
    <![CDATA[Login Test case!!!]]>
  </system-out>
  <testcase classname="testNGFlags.Flag3" name="method1" time="0.001"/>
  <system-out>
    <![CDATA[Login Test case!!!]]>
  </system-out>
  <testcase classname="testNGFlags.Flag3" name="method1" time="0.001"/>
  <system-out>
    <![CDATA[Login Test case!!!]]>
  </system-out>
  <testcase classname="testNGFlags.Flag3" name="method1" time="0.001"/>
  <system-out>
    <![CDATA[Login Test case!!!]]>
  </system-out>
  <testcase classname="testNGFlags.Flag3" name="method1" time="0.003"/>
  <system-out>
    <![CDATA[Login Test case!!!]]>
  </system-out>
  <testcase classname="testNGFlags.Flag3" name="method1" time="0.000"/>
  <system-out>
    <![CDATA[Login Test case!!!]]>
  </system-out>
  <testcase classname="testNGFlags.Flag3" name="method1" time="0.000"/>
  <system-out>
    <![CDATA[Login Test case!!!]]>
  </system-out>
  <testcase classname="testNGFlags.Flag3" name="method1" time="0.001"/>
  <system-out>
    <![CDATA[Login Test case!!!]]>
  </system-out>
  <testcase classname="testNGFlags.Flag3" name="method1" time="0.001"/>
  <system-out>
    <![CDATA[Login Test case!!!]]>
  </system-out>
  <testcase classname="testNGFlags.Flag3" name="method1" time="0.002"/>
  <system-out>
    <![CDATA[Login Test case!!!]]>
  </system-out>
  <testcase classname="testNGFlags.Flag3" name="method1" time="0.003"/>
  <system-out>
    <![CDATA[Login Test case!!!]]>
  </system-out>
  <testcase classname="testNGFlags.Flag3" name="method1" time="0.001"/>
  <system-out>
    <![CDATA[Login Test case!!!]]>
  </system-out>
  <testcase classname="testNGFlags.Flag3" name="method1" time="0.001"/>
  <system-out>
    <![CDATA[Login Test case!!!]]>
  </system-out>
  <testcase classname="testNGFlags.Flag3" name="method1" time="0.004"/>
  <system-out>
    <![CDATA[Login Test case!!!]]>
  </system-out>
  <testcase classname="testNGFlags.Flag3" name="method1" time="0.003"/>
  <system-out>
    <![CDATA[Login Test case!!!]]>
  </system-out>
  <testcase classname="testNGFlags.Flag3" name="method1" time="0.001"/>
  <system-out>
    <![CDATA[Login Test case!!!]]>
  </system-out>
  <testcase classname="testNGFlags.Flag3" name="method1" time="0.001"/>
  <system-out>
    <![CDATA[Login Test case!!!]]>
  </system-out>
  <testcase classname="testNGFlags.Flag3" name="method1" time="0.002"/>
  <system-out>
    <![CDATA[Login Test case!!!]]>
  </system-out>
  <testcase classname="testNGFlags.Flag3" name="method1" time="0.001"/>
  <system-out>
    <![CDATA[Login Test case!!!]]>
  </system-out>
  <testcase classname="testNGFlags.Flag3" name="method1" time="0.001"/>
  <system-out>
    <![CDATA[Login Test case!!!]]>
  </system-out>
  <testcase classname="testNGFlags.Flag3" name="method1" time="0.002"/>
  <system-out>
    <![CDATA[Login Test case!!!]]>
  </system-out>
  <testcase classname="testNGFlags.Flag3" name="method1" time="0.001"/>
  <system-out>
    <![CDATA[Login Test case!!!]]>
  </system-out>
  <testcase classname="testNGFlags.Flag3" name="method1" time="0.002"/>
  <system-out>
    <![CDATA[Login Test case!!!]]>
  </system-out>
  <testcase classname="testNGFlags.Flag3" name="method1" time="0.006"/>
  <system-out>
    <![CDATA[Login Test case!!!]]>
  </system-out>
  <testcase classname="testNGFlags.Flag3" name="method1" time="0.001"/>
  <system-out>
    <![CDATA[Login Test case!!!]]>
  </system-out>
  <testcase classname="testNGFlags.Flag3" name="method1" time="0.001"/>
  <system-out>
    <![CDATA[Login Test case!!!]]>
  </system-out>
  <testcase classname="testNGFlags.Flag3" name="method1" time="0.000"/>
  <system-out>
    <![CDATA[Login Test case!!!]]>
  </system-out>
  <testcase classname="testNGFlags.Flag3" name="method1" time="0.001"/>
  <system-out>
    <![CDATA[Login Test case!!!]]>
  </system-out>
  <testcase classname="testNGFlags.Flag3" name="method1" time="0.001"/>
  <system-out>
    <![CDATA[Login Test case!!!]]>
  </system-out>
  <testcase classname="testNGFlags.Flag3" name="method1" time="0.004"/>
  <system-out>
    <![CDATA[Login Test case!!!]]>
  </system-out>
  <testcase classname="testNGFlags.Flag3" name="method1" time="0.004"/>
  <system-out>
    <![CDATA[Login Test case!!!]]>
  </system-out>
  <testcase classname="testNGFlags.Flag3" name="method1" time="0.001"/>
  <system-out>
    <![CDATA[Login Test case!!!]]>
  </system-out>
  <testcase classname="testNGFlags.Flag3" name="method1" time="0.001"/>
  <system-out>
    <![CDATA[Login Test case!!!]]>
  </system-out>
  <testcase classname="testNGFlags.Flag3" name="method1" time="0.002"/>
  <system-out>
    <![CDATA[Login Test case!!!]]>
  </system-out>
  <testcase classname="testNGFlags.Flag3" name="method1" time="0.004"/>
  <system-out>
    <![CDATA[Login Test case!!!]]>
  </system-out>
  <testcase classname="testNGFlags.Flag3" name="method1" time="0.002"/>
  <system-out>
    <![CDATA[Login Test case!!!]]>
  </system-out>
  <testcase classname="testNGFlags.Flag3" name="method1" time="0.002"/>
  <system-out>
    <![CDATA[Login Test case!!!]]>
  </system-out>
  <testcase classname="testNGFlags.Flag3" name="method1" time="0.001"/>
  <system-out>
    <![CDATA[Login Test case!!!]]>
  </system-out>
  <testcase classname="testNGFlags.Flag3" name="method1" time="0.000"/>
  <system-out>
    <![CDATA[Login Test case!!!]]>
  </system-out>
  <testcase classname="testNGFlags.Flag3" name="method1" time="0.000"/>
  <system-out>
    <![CDATA[Login Test case!!!]]>
  </system-out>
  <testcase classname="testNGFlags.Flag3" name="method1" time="0.001"/>
  <system-out>
    <![CDATA[Login Test case!!!]]>
  </system-out>
  <testcase classname="testNGFlags.Flag3" name="method1" time="0.001"/>
  <system-out>
    <![CDATA[Login Test case!!!]]>
  </system-out>
  <testcase classname="testNGFlags.Flag3" name="method1" time="0.000"/>
  <system-out>
    <![CDATA[Login Test case!!!]]>
  </system-out>
  <testcase classname="testNGFlags.Flag3" name="method1" time="0.007"/>
  <system-out>
    <![CDATA[Login Test case!!!]]>
  </system-out>
  <testcase classname="testNGFlags.Flag3" name="method1" time="0.001"/>
  <system-out>
    <![CDATA[Login Test case!!!]]>
  </system-out>
  <testcase classname="testNGFlags.Flag3" name="method1" time="0.001"/>
  <system-out>
    <![CDATA[Login Test case!!!]]>
  </system-out>
  <testcase classname="testNGFlags.Flag3" name="method1" time="0.009"/>
  <system-out>
    <![CDATA[Login Test case!!!]]>
  </system-out>
  <testcase classname="testNGFlags.Flag3" name="method1" time="0.000"/>
  <system-out>
    <![CDATA[Login Test case!!!]]>
  </system-out>
  <testcase classname="testNGFlags.Flag3" name="method1" time="0.002"/>
  <system-out>
    <![CDATA[Login Test case!!!]]>
  </system-out>
  <testcase classname="testNGFlags.Flag3" name="method1" time="0.001"/>
  <system-out>
    <![CDATA[Login Test case!!!]]>
  </system-out>
  <testcase classname="testNGFlags.Flag3" name="method1" time="0.000"/>
  <system-out>
    <![CDATA[Login Test case!!!]]>
  </system-out>
  <testcase classname="testNGFlags.Flag3" name="method1" time="0.001"/>
  <system-out>
    <![CDATA[Login Test case!!!]]>
  </system-out>
  <testcase classname="testNGFlags.Flag3" name="method1" time="0.001"/>
  <system-out>
    <![CDATA[Login Test case!!!]]>
  </system-out>
  <testcase classname="testNGFlags.Flag3" name="method1" time="0.000"/>
  <system-out>
    <![CDATA[Login Test case!!!]]>
  </system-out>
  <testcase classname="testNGFlags.Flag3" name="method1" time="0.003"/>
  <system-out>
    <![CDATA[Login Test case!!!]]>
  </system-out>
  <testcase classname="testNGFlags.Flag3" name="method1" time="0.000"/>
  <system-out>
    <![CDATA[Login Test case!!!]]>
  </system-out>
  <testcase classname="testNGFlags.Flag3" name="method1" time="0.006"/>
  <system-out>
    <![CDATA[Login Test case!!!]]>
  </system-out>
  <testcase classname="testNGFlags.Flag3" name="method1" time="0.003"/>
  <system-out>
    <![CDATA[Login Test case!!!]]>
  </system-out>
  <testcase classname="testNGFlags.Flag3" name="method1" time="0.001"/>
  <system-out>
    <![CDATA[Login Test case!!!]]>
  </system-out>
  <testcase classname="testNGFlags.Flag3" name="method1" time="0.001"/>
  <system-out>
    <![CDATA[Login Test case!!!]]>
  </system-out>
  <testcase classname="testNGFlags.Flag3" name="method1" time="0.003"/>
  <system-out>
    <![CDATA[Login Test case!!!]]>
  </system-out>
  <testcase classname="testNGFlags.Flag3" name="method1" time="0.001"/>
  <system-out>
    <![CDATA[Login Test case!!!]]>
  </system-out>
  <testcase classname="testNGFlags.Flag3" name="method1" time="0.002"/>
  <system-out>
    <![CDATA[Login Test case!!!]]>
  </system-out>
  <testcase classname="testNGFlags.Flag3" name="method1" time="0.000"/>
  <system-out>
    <![CDATA[Login Test case!!!]]>
  </system-out>
  <testcase classname="testNGFlags.Flag3" name="method1" time="0.001"/>
  <system-out>
    <![CDATA[Login Test case!!!]]>
  </system-out>
  <testcase classname="testNGFlags.Flag3" name="method1" time="0.001"/>
  <system-out>
    <![CDATA[Login Test case!!!]]>
  </system-out>
  <testcase classname="testNGFlags.Flag3" name="method1" time="0.000"/>
  <system-out>
    <![CDATA[Login Test case!!!]]>
  </system-out>
  <testcase classname="testNGFlags.Flag3" name="method1" time="0.003"/>
  <system-out>
    <![CDATA[Login Test case!!!]]>
  </system-out>
  <testcase classname="testNGFlags.Flag3" name="method1" time="0.001"/>
  <system-out>
    <![CDATA[Login Test case!!!]]>
  </system-out>
  <testcase classname="testNGFlags.Flag3" name="method1" time="0.002"/>
  <system-out>
    <![CDATA[Login Test case!!!]]>
  </system-out>
  <testcase classname="testNGFlags.Flag3" name="method1" time="0.001"/>
  <system-out>
    <![CDATA[Login Test case!!!]]>
  </system-out>
  <testcase classname="testNGFlags.Flag3" name="method1" time="0.002"/>
  <system-out>
    <![CDATA[Login Test case!!!]]>
  </system-out>
  <testcase classname="testNGFlags.Flag3" name="method1" time="0.004"/>
  <system-out>
    <![CDATA[Login Test case!!!]]>
  </system-out>
  <testcase classname="testNGFlags.Flag3" name="method1" time="0.001"/>
  <system-out>
    <![CDATA[Login Test case!!!]]>
  </system-out>
  <testcase classname="testNGFlags.Flag3" name="method1" time="0.001"/>
  <system-out>
    <![CDATA[Login Test case!!!]]>
  </system-out>
  <testcase classname="testNGFlags.Flag3" name="method1" time="0.001"/>
  <system-out>
    <![CDATA[Login Test case!!!]]>
  </system-out>
  <testcase classname="testNGFlags.Flag3" name="method1" time="0.001"/>
  <system-out>
    <![CDATA[Login Test case!!!]]>
  </system-out>
  <testcase classname="testNGFlags.Flag3" name="method1" time="0.000"/>
  <system-out>
    <![CDATA[Login Test case!!!]]>
  </system-out>
  <testcase classname="testNGFlags.Flag3" name="method1" time="0.005"/>
  <system-out>
    <![CDATA[Login Test case!!!]]>
  </system-out>
  <testcase classname="testNGFlags.Flag3" name="method1" time="0.001"/>
  <system-out>
    <![CDATA[Login Test case!!!]]>
  </system-out>
  <testcase classname="testNGFlags.Flag3" name="method1" time="0.001"/>
  <system-out>
    <![CDATA[Login Test case!!!]]>
  </system-out>
  <testcase classname="testNGFlags.Flag3" name="method1" time="0.001"/>
  <system-out>
    <![CDATA[Login Test case!!!]]>
  </system-out>
  <testcase classname="testNGFlags.Flag3" name="method1" time="0.001"/>
  <system-out>
    <![CDATA[Login Test case!!!]]>
  </system-out>
  <testcase classname="testNGFlags.Flag3" name="method1" time="0.003"/>
  <system-out>
    <![CDATA[Login Test case!!!]]>
  </system-out>
  <testcase classname="testNGFlags.Flag3" name="method1" time="0.001"/>
  <system-out>
    <![CDATA[Login Test case!!!]]>
  </system-out>
  <testcase classname="testNGFlags.Flag3" name="method1" time="0.002"/>
  <system-out>
    <![CDATA[Login Test case!!!]]>
  </system-out>
  <testcase classname="testNGFlags.Flag3" name="method1" time="0.002"/>
  <system-out>
    <![CDATA[Login Test case!!!]]>
  </system-out>
  <testcase classname="testNGFlags.Flag3" name="method1" time="0.001"/>
  <system-out>
    <![CDATA[Login Test case!!!]]>
  </system-out>
  <testcase classname="testNGFlags.Flag3" name="method1" time="0.001"/>
  <system-out>
    <![CDATA[Login Test case!!!]]>
  </system-out>
  <testcase classname="testNGFlags.Flag3" name="method1" time="0.001"/>
  <system-out>
    <![CDATA[Login Test case!!!]]>
  </system-out>
  <testcase classname="testNGFlags.Flag3" name="method1" time="0.001"/>
  <system-out>
    <![CDATA[Login Test case!!!]]>
  </system-out>
  <testcase classname="testNGFlags.Flag3" name="method1" time="0.001"/>
  <system-out>
    <![CDATA[Login Test case!!!]]>
  </system-out>
  <testcase classname="testNGFlags.Flag3" name="method1" time="0.001"/>
  <system-out>
    <![CDATA[Login Test case!!!]]>
  </system-out>
  <testcase classname="testNGFlags.Flag3" name="method1" time="0.001"/>
  <system-out>
    <![CDATA[Login Test case!!!]]>
  </system-out>
  <testcase classname="testNGFlags.Flag3" name="method1" time="0.000"/>
  <system-out>
    <![CDATA[Login Test case!!!]]>
  </system-out>
  <testcase classname="testNGFlags.Flag3" name="method1" time="0.000"/>
  <system-out>
    <![CDATA[Login Test case!!!]]>
  </system-out>
  <testcase classname="testNGFlags.Flag3" name="method1" time="0.001"/>
  <system-out>
    <![CDATA[Login Test case!!!]]>
  </system-out>
  <testcase classname="testNGFlags.Flag3" name="method1" time="0.002"/>
  <system-out>
    <![CDATA[Login Test case!!!]]>
  </system-out>
  <testcase classname="testNGFlags.Flag3" name="method1" time="0.001"/>
  <system-out>
    <![CDATA[Login Test case!!!]]>
  </system-out>
  <testcase classname="testNGFlags.Flag3" name="method1" time="0.000"/>
  <system-out>
    <![CDATA[Login Test case!!!]]>
  </system-out>
  <testcase classname="testNGFlags.Flag3" name="method1" time="0.000"/>
  <system-out>
    <![CDATA[Login Test case!!!]]>
  </system-out>
  <testcase classname="testNGFlags.Flag3" name="method1" time="0.005"/>
  <system-out>
    <![CDATA[Login Test case!!!]]>
  </system-out>
  <testcase classname="testNGFlags.Flag3" name="method1" time="0.000"/>
  <system-out>
    <![CDATA[Login Test case!!!]]>
  </system-out>
  <testcase classname="testNGFlags.Flag3" name="method1" time="0.001"/>
  <system-out>
    <![CDATA[Login Test case!!!]]>
  </system-out>
  <testcase classname="testNGFlags.Flag3" name="method1" time="0.001"/>
  <system-out>
    <![CDATA[Login Test case!!!]]>
  </system-out>
  <testcase classname="testNGFlags.Flag3" name="method1" time="0.002"/>
  <system-out>
    <![CDATA[Login Test case!!!]]>
  </system-out>
  <testcase classname="testNGFlags.Flag3" name="method1" time="0.001"/>
  <system-out>
    <![CDATA[Login Test case!!!]]>
  </system-out>
  <testcase classname="testNGFlags.Flag3" name="method1" time="0.001"/>
  <system-out>
    <![CDATA[Login Test case!!!]]>
  </system-out>
  <testcase classname="testNGFlags.Flag3" name="method1" time="0.002"/>
  <system-out>
    <![CDATA[Login Test case!!!]]>
  </system-out>
  <testcase classname="testNGFlags.Flag3" name="method1" time="0.000"/>
  <system-out>
    <![CDATA[Login Test case!!!]]>
  </system-out>
  <testcase classname="testNGFlags.Flag3" name="method1" time="0.001"/>
  <system-out>
    <![CDATA[Login Test case!!!]]>
  </system-out>
  <testcase classname="testNGFlags.Flag3" name="method1" time="0.001"/>
  <system-out>
    <![CDATA[Login Test case!!!]]>
  </system-out>
  <testcase classname="testNGFlags.Flag3" name="method1" time="0.001"/>
  <system-out>
    <![CDATA[Login Test case!!!]]>
  </system-out>
  <testcase classname="testNGFlags.Flag3" name="method1" time="0.003"/>
  <system-out>
    <![CDATA[Login Test case!!!]]>
  </system-out>
  <testcase classname="testNGFlags.Flag3" name="method1" time="0.001"/>
  <system-out>
    <![CDATA[Login Test case!!!]]>
  </system-out>
  <testcase classname="testNGFlags.Flag3" name="method1" time="0.001"/>
  <system-out>
    <![CDATA[Login Test case!!!]]>
  </system-out>
  <testcase classname="testNGFlags.Flag3" name="method1" time="0.002"/>
  <system-out>
    <![CDATA[Login Test case!!!]]>
  </system-out>
  <testcase classname="testNGFlags.Flag3" name="method1" time="0.000"/>
  <system-out>
    <![CDATA[Login Test case!!!]]>
  </system-out>
  <testcase classname="testNGFlags.Flag3" name="method1" time="0.001"/>
  <system-out>
    <![CDATA[Login Test case!!!]]>
  </system-out>
  <testcase classname="testNGFlags.Flag3" name="method1" time="0.000"/>
  <system-out>
    <![CDATA[Login Test case!!!]]>
  </system-out>
  <testcase classname="testNGFlags.Flag3" name="method1" time="0.003"/>
  <system-out>
    <![CDATA[Login Test case!!!]]>
  </system-out>
  <testcase classname="testNGFlags.Flag3" name="method1" time="0.001"/>
  <system-out>
    <![CDATA[Login Test case!!!]]>
  </system-out>
  <testcase classname="testNGFlags.Flag3" name="method1" time="0.002"/>
  <system-out>
    <![CDATA[Login Test case!!!]]>
  </system-out>
  <testcase classname="testNGFlags.Flag3" name="method1" time="0.002"/>
  <system-out>
    <![CDATA[Login Test case!!!]]>
  </system-out>
  <testcase classname="testNGFlags.Flag3" name="method1" time="0.001"/>
  <system-out>
    <![CDATA[Login Test case!!!]]>
  </system-out>
  <testcase classname="testNGFlags.Flag3" name="method1" time="0.000"/>
  <system-out>
    <![CDATA[Login Test case!!!]]>
  </system-out>
  <testcase classname="testNGFlags.Flag3" name="method1" time="0.001"/>
  <system-out>
    <![CDATA[Login Test case!!!]]>
  </system-out>
  <testcase classname="testNGFlags.Flag3" name="method1" time="0.001"/>
  <system-out>
    <![CDATA[Login Test case!!!]]>
  </system-out>
  <testcase classname="testNGFlags.Flag3" name="method1" time="0.001"/>
  <system-out>
    <![CDATA[Login Test case!!!]]>
  </system-out>
  <testcase classname="testNGFlags.Flag3" name="method1" time="0.001"/>
  <system-out>
    <![CDATA[Login Test case!!!]]>
  </system-out>
  <testcase classname="testNGFlags.Flag3" name="method1" time="0.000"/>
  <system-out>
    <![CDATA[Login Test case!!!]]>
  </system-out>
  <testcase classname="testNGFlags.Flag3" name="method1" time="0.001"/>
  <system-out>
    <![CDATA[Login Test case!!!]]>
  </system-out>
  <testcase classname="testNGFlags.Flag3" name="method1" time="0.001"/>
  <system-out>
    <![CDATA[Login Test case!!!]]>
  </system-out>
  <testcase classname="testNGFlags.Flag3" name="method1" time="0.001"/>
  <system-out>
    <![CDATA[Login Test case!!!]]>
  </system-out>
  <testcase classname="testNGFlags.Flag3" name="method1" time="0.001"/>
  <system-out>
    <![CDATA[Login Test case!!!]]>
  </system-out>
  <testcase classname="testNGFlags.Flag3" name="method1" time="0.029"/>
  <system-out>
    <![CDATA[Login Test case!!!]]>
  </system-out>
  <testcase classname="testNGFlags.Flag3" name="method1" time="0.004"/>
  <system-out>
    <![CDATA[Login Test case!!!]]>
  </system-out>
  <testcase classname="testNGFlags.Flag3" name="method1" time="0.001"/>
  <system-out>
    <![CDATA[Login Test case!!!]]>
  </system-out>
  <testcase classname="testNGFlags.Flag3" name="method1" time="0.003"/>
  <system-out>
    <![CDATA[Login Test case!!!]]>
  </system-out>
  <testcase classname="testNGFlags.Flag3" name="method1" time="0.002"/>
  <system-out>
    <![CDATA[Login Test case!!!]]>
  </system-out>
  <testcase classname="testNGFlags.Flag3" name="method1" time="0.010"/>
  <system-out>
    <![CDATA[Login Test case!!!]]>
  </system-out>
  <testcase classname="testNGFlags.Flag3" name="method1" time="0.001"/>
  <system-out>
    <![CDATA[Login Test case!!!]]>
  </system-out>
  <testcase classname="testNGFlags.Flag3" name="method1" time="0.002"/>
  <system-out>
    <![CDATA[Login Test case!!!]]>
  </system-out>
  <testcase classname="testNGFlags.Flag3" name="method1" time="0.001"/>
  <system-out>
    <![CDATA[Login Test case!!!]]>
  </system-out>
  <testcase classname="testNGFlags.Flag3" name="method1" time="0.003"/>
  <system-out>
    <![CDATA[Login Test case!!!]]>
  </system-out>
  <testcase classname="testNGFlags.Flag3" name="method1" time="0.003"/>
  <system-out>
    <![CDATA[Login Test case!!!]]>
  </system-out>
  <testcase classname="testNGFlags.Flag3" name="method1" time="0.001"/>
  <system-out>
    <![CDATA[Login Test case!!!]]>
  </system-out>
  <testcase classname="testNGFlags.Flag3" name="method1" time="0.001"/>
  <system-out>
    <![CDATA[Login Test case!!!]]>
  </system-out>
  <testcase classname="testNGFlags.Flag3" name="method1" time="0.001"/>
  <system-out>
    <![CDATA[Login Test case!!!]]>
  </system-out>
  <testcase classname="testNGFlags.Flag3" name="method1" time="0.001"/>
  <system-out>
    <![CDATA[Login Test case!!!]]>
  </system-out>
  <testcase classname="testNGFlags.Flag3" name="method1" time="0.000"/>
  <system-out>
    <![CDATA[Login Test case!!!]]>
  </system-out>
  <testcase classname="testNGFlags.Flag3" name="method1" time="0.001"/>
  <system-out>
    <![CDATA[Login Test case!!!]]>
  </system-out>
  <testcase classname="testNGFlags.Flag3" name="method1" time="0.001"/>
  <system-out>
    <![CDATA[Login Test case!!!]]>
  </system-out>
  <testcase classname="testNGFlags.Flag3" name="method1" time="0.001"/>
  <system-out>
    <![CDATA[Login Test case!!!]]>
  </system-out>
  <testcase classname="testNGFlags.Flag3" name="method1" time="0.002"/>
  <system-out>
    <![CDATA[Login Test case!!!]]>
  </system-out>
  <testcase classname="testNGFlags.Flag3" name="method1" time="0.004"/>
  <system-out>
    <![CDATA[Login Test case!!!]]>
  </system-out>
  <testcase classname="testNGFlags.Flag3" name="method1" time="0.000"/>
  <system-out>
    <![CDATA[Login Test case!!!]]>
  </system-out>
  <testcase classname="testNGFlags.Flag3" name="method1" time="0.002"/>
  <system-out>
    <![CDATA[Login Test case!!!]]>
  </system-out>
  <testcase classname="testNGFlags.Flag3" name="method1" time="0.001"/>
  <system-out>
    <![CDATA[Login Test case!!!]]>
  </system-out>
  <testcase classname="testNGFlags.Flag3" name="method1" time="0.001"/>
  <system-out>
    <![CDATA[Login Test case!!!]]>
  </system-out>
  <testcase classname="testNGFlags.Flag3" name="method1" time="0.001"/>
  <system-out>
    <![CDATA[Login Test case!!!]]>
  </system-out>
  <testcase classname="testNGFlags.Flag3" name="method1" time="0.001"/>
  <system-out>
    <![CDATA[Login Test case!!!]]>
  </system-out>
  <testcase classname="testNGFlags.Flag3" name="method1" time="0.000"/>
  <system-out>
    <![CDATA[Login Test case!!!]]>
  </system-out>
  <testcase classname="testNGFlags.Flag3" name="method1" time="0.001"/>
  <system-out>
    <![CDATA[Login Test case!!!]]>
  </system-out>
  <testcase classname="testNGFlags.Flag3" name="method1" time="0.002"/>
  <system-out>
    <![CDATA[Login Test case!!!]]>
  </system-out>
  <testcase classname="testNGFlags.Flag3" name="method1" time="0.001"/>
  <system-out>
    <![CDATA[Login Test case!!!]]>
  </system-out>
  <testcase classname="testNGFlags.Flag3" name="method1" time="0.001"/>
  <system-out>
    <![CDATA[Login Test case!!!]]>
  </system-out>
  <testcase classname="testNGFlags.Flag3" name="method1" time="0.003"/>
  <system-out>
    <![CDATA[Login Test case!!!]]>
  </system-out>
  <testcase classname="testNGFlags.Flag3" name="method1" time="0.002"/>
  <system-out>
    <![CDATA[Login Test case!!!]]>
  </system-out>
  <testcase classname="testNGFlags.Flag3" name="method1" time="0.000"/>
  <system-out>
    <![CDATA[Login Test case!!!]]>
  </system-out>
  <testcase classname="testNGFlags.Flag3" name="method1" time="0.000"/>
  <system-out>
    <![CDATA[Login Test case!!!]]>
  </system-out>
  <testcase classname="testNGFlags.Flag3" name="method1" time="0.001"/>
  <system-out>
    <![CDATA[Login Test case!!!]]>
  </system-out>
  <testcase classname="testNGFlags.Flag3" name="method1" time="0.002"/>
  <system-out>
    <![CDATA[Login Test case!!!]]>
  </system-out>
  <testcase classname="testNGFlags.Flag3" name="method1" time="0.001"/>
  <system-out>
    <![CDATA[Login Test case!!!]]>
  </system-out>
  <testcase classname="testNGFlags.Flag3" name="method1" time="0.005"/>
  <system-out>
    <![CDATA[Login Test case!!!]]>
  </system-out>
  <testcase classname="testNGFlags.Flag3" name="method1" time="0.000"/>
  <system-out>
    <![CDATA[Login Test case!!!]]>
  </system-out>
  <testcase classname="testNGFlags.Flag3" name="method1" time="0.003"/>
  <system-out>
    <![CDATA[Login Test case!!!]]>
  </system-out>
  <testcase classname="testNGFlags.Flag3" name="method1" time="0.002"/>
  <system-out>
    <![CDATA[Login Test case!!!]]>
  </system-out>
  <testcase classname="testNGFlags.Flag3" name="method1" time="0.002"/>
  <system-out>
    <![CDATA[Login Test case!!!]]>
  </system-out>
  <testcase classname="testNGFlags.Flag3" name="method1" time="0.001"/>
  <system-out>
    <![CDATA[Login Test case!!!]]>
  </system-out>
  <testcase classname="testNGFlags.Flag3" name="method1" time="0.002"/>
  <system-out>
    <![CDATA[Login Test case!!!]]>
  </system-out>
  <testcase classname="testNGFlags.Flag3" name="method1" time="0.002"/>
  <system-out>
    <![CDATA[Login Test case!!!]]>
  </system-out>
  <testcase classname="testNGFlags.Flag3" name="method1" time="0.000"/>
  <system-out>
    <![CDATA[Login Test case!!!]]>
  </system-out>
  <testcase classname="testNGFlags.Flag3" name="method1" time="0.001"/>
  <system-out>
    <![CDATA[Login Test case!!!]]>
  </system-out>
  <testcase classname="testNGFlags.Flag3" name="method1" time="0.000"/>
  <system-out>
    <![CDATA[Login Test case!!!]]>
  </system-out>
  <testcase classname="testNGFlags.Flag3" name="method1" time="0.003"/>
  <system-out>
    <![CDATA[Login Test case!!!]]>
  </system-out>
  <testcase classname="testNGFlags.Flag3" name="method1" time="0.001"/>
  <system-out>
    <![CDATA[Login Test case!!!]]>
  </system-out>
  <testcase classname="testNGFlags.Flag3" name="method1" time="0.002"/>
  <system-out>
    <![CDATA[Login Test case!!!]]>
  </system-out>
  <testcase classname="testNGFlags.Flag3" name="method1" time="0.002"/>
  <system-out>
    <![CDATA[Login Test case!!!]]>
  </system-out>
  <testcase classname="testNGFlags.Flag3" name="method1" time="0.001"/>
  <system-out>
    <![CDATA[Login Test case!!!]]>
  </system-out>
  <testcase classname="testNGFlags.Flag3" name="method1" time="0.000"/>
  <system-out>
    <![CDATA[Login Test case!!!]]>
  </system-out>
  <testcase classname="testNGFlags.Flag3" name="method1" time="0.001"/>
  <system-out>
    <![CDATA[Login Test case!!!]]>
  </system-out>
  <testcase classname="testNGFlags.Flag3" name="method1" time="0.000"/>
  <system-out>
    <![CDATA[Login Test case!!!]]>
  </system-out>
  <testcase classname="testNGFlags.Flag3" name="method1" time="0.001"/>
  <system-out>
    <![CDATA[Login Test case!!!]]>
  </system-out>
  <testcase classname="testNGFlags.Flag3" name="method1" time="0.001"/>
  <system-out>
    <![CDATA[Login Test case!!!]]>
  </system-out>
  <testcase classname="testNGFlags.Flag3" name="method1" time="0.001"/>
  <system-out>
    <![CDATA[Login Test case!!!]]>
  </system-out>
  <testcase classname="testNGFlags.Flag3" name="method1" time="0.002"/>
  <system-out>
    <![CDATA[Login Test case!!!]]>
  </system-out>
  <testcase classname="testNGFlags.Flag3" name="method1" time="0.003"/>
  <system-out>
    <![CDATA[Login Test case!!!]]>
  </system-out>
  <testcase classname="testNGFlags.Flag3" name="method1" time="0.001"/>
  <system-out>
    <![CDATA[Login Test case!!!]]>
  </system-out>
  <testcase classname="testNGFlags.Flag3" name="method1" time="0.001"/>
  <system-out>
    <![CDATA[Login Test case!!!]]>
  </system-out>
  <testcase classname="testNGFlags.Flag3" name="method1" time="0.001"/>
  <system-out>
    <![CDATA[Login Test case!!!]]>
  </system-out>
  <testcase classname="testNGFlags.Flag3" name="method1" time="0.000"/>
  <system-out>
    <![CDATA[Login Test case!!!]]>
  </system-out>
  <testcase classname="testNGFlags.Flag3" name="method1" time="0.013"/>
  <system-out>
    <![CDATA[Login Test case!!!]]>
  </system-out>
  <testcase classname="testNGFlags.Flag3" name="method1" time="0.000"/>
  <system-out>
    <![CDATA[Login Test case!!!]]>
  </system-out>
  <testcase classname="testNGFlags.Flag3" name="method1" time="0.001"/>
  <system-out>
    <![CDATA[Login Test case!!!]]>
  </system-out>
  <testcase classname="testNGFlags.Flag3" name="method1" time="0.005"/>
  <system-out>
    <![CDATA[Login Test case!!!]]>
  </system-out>
  <testcase classname="testNGFlags.Flag3" name="method1" time="0.012"/>
  <system-out>
    <![CDATA[Login Test case!!!]]>
  </system-out>
  <testcase classname="testNGFlags.Flag3" name="method1" time="0.000"/>
  <system-out>
    <![CDATA[Login Test case!!!]]>
  </system-out>
  <testcase classname="testNGFlags.Flag3" name="method1" time="0.003"/>
  <system-out>
    <![CDATA[Login Test case!!!]]>
  </system-out>
  <testcase classname="testNGFlags.Flag3" name="method1" time="0.001"/>
  <system-out>
    <![CDATA[Login Test case!!!]]>
  </system-out>
  <testcase classname="testNGFlags.Flag3" name="method1" time="0.002"/>
  <system-out>
    <![CDATA[Login Test case!!!]]>
  </system-out>
  <testcase classname="testNGFlags.Flag3" name="method1" time="0.001"/>
  <system-out>
    <![CDATA[Login Test case!!!]]>
  </system-out>
  <testcase classname="testNGFlags.Flag3" name="method1" time="0.003"/>
  <system-out>
    <![CDATA[Login Test case!!!]]>
  </system-out>
  <testcase classname="testNGFlags.Flag3" name="method1" time="0.004"/>
  <system-out>
    <![CDATA[Login Test case!!!]]>
  </system-out>
  <testcase classname="testNGFlags.Flag3" name="method1" time="0.000"/>
  <system-out>
    <![CDATA[Login Test case!!!]]>
  </system-out>
  <testcase classname="testNGFlags.Flag3" name="method1" time="0.001"/>
  <system-out>
    <![CDATA[Login Test case!!!]]>
  </system-out>
  <testcase classname="testNGFlags.Flag3" name="method1" time="0.003"/>
  <system-out>
    <![CDATA[Login Test case!!!]]>
  </system-out>
  <testcase classname="testNGFlags.Flag3" name="method1" time="0.001"/>
  <system-out>
    <![CDATA[Login Test case!!!]]>
  </system-out>
  <testcase classname="testNGFlags.Flag3" name="method1" time="0.003"/>
  <system-out>
    <![CDATA[Login Test case!!!]]>
  </system-out>
  <testcase classname="testNGFlags.Flag3" name="method1" time="0.002"/>
  <system-out>
    <![CDATA[Login Test case!!!]]>
  </system-out>
  <testcase classname="testNGFlags.Flag3" name="method1" time="0.002"/>
  <system-out>
    <![CDATA[Login Test case!!!]]>
  </system-out>
  <testcase classname="testNGFlags.Flag3" name="method1" time="0.000"/>
  <system-out>
    <![CDATA[Login Test case!!!]]>
  </system-out>
  <testcase classname="testNGFlags.Flag3" name="method1" time="0.000"/>
  <system-out>
    <![CDATA[Login Test case!!!]]>
  </system-out>
  <testcase classname="testNGFlags.Flag3" name="method1" time="0.001"/>
  <system-out>
    <![CDATA[Login Test case!!!]]>
  </system-out>
  <testcase classname="testNGFlags.Flag3" name="method1" time="0.001"/>
  <system-out>
    <![CDATA[Login Test case!!!]]>
  </system-out>
  <testcase classname="testNGFlags.Flag3" name="method1" time="0.001"/>
  <system-out>
    <![CDATA[Login Test case!!!]]>
  </system-out>
  <testcase classname="testNGFlags.Flag3" name="method1" time="0.001"/>
  <system-out>
    <![CDATA[Login Test case!!!]]>
  </system-out>
  <testcase classname="testNGFlags.Flag3" name="method1" time="0.003"/>
  <system-out>
    <![CDATA[Login Test case!!!]]>
  </system-out>
  <testcase classname="testNGFlags.Flag3" name="method1" time="0.003"/>
  <system-out>
    <![CDATA[Login Test case!!!]]>
  </system-out>
  <testcase classname="testNGFlags.Flag3" name="method1" time="0.001"/>
  <system-out>
    <![CDATA[Login Test case!!!]]>
  </system-out>
  <testcase classname="testNGFlags.Flag3" name="method1" time="0.001"/>
  <system-out>
    <![CDATA[Login Test case!!!]]>
  </system-out>
  <testcase classname="testNGFlags.Flag3" name="method1" time="0.000"/>
  <system-out>
    <![CDATA[Login Test case!!!]]>
  </system-out>
  <testcase classname="testNGFlags.Flag3" name="method1" time="0.003"/>
  <system-out>
    <![CDATA[Login Test case!!!]]>
  </system-out>
  <testcase classname="testNGFlags.Flag3" name="method1" time="0.001"/>
  <system-out>
    <![CDATA[Login Test case!!!]]>
  </system-out>
  <testcase classname="testNGFlags.Flag3" name="method1" time="0.001"/>
  <system-out>
    <![CDATA[Login Test case!!!]]>
  </system-out>
  <testcase classname="testNGFlags.Flag3" name="method1" time="0.000"/>
  <system-out>
    <![CDATA[Login Test case!!!]]>
  </system-out>
  <testcase classname="testNGFlags.Flag3" name="method1" time="0.003"/>
  <system-out>
    <![CDATA[Login Test case!!!]]>
  </system-out>
  <testcase classname="testNGFlags.Flag3" name="method1" time="0.001"/>
  <system-out>
    <![CDATA[Login Test case!!!]]>
  </system-out>
  <testcase classname="testNGFlags.Flag3" name="method1" time="0.001"/>
  <system-out>
    <![CDATA[Login Test case!!!]]>
  </system-out>
  <testcase classname="testNGFlags.Flag3" name="method1" time="0.000"/>
  <system-out>
    <![CDATA[Login Test case!!!]]>
  </system-out>
  <testcase classname="testNGFlags.Flag3" name="method1" time="0.002"/>
  <system-out>
    <![CDATA[Login Test case!!!]]>
  </system-out>
  <testcase classname="testNGFlags.Flag3" name="method1" time="0.001"/>
  <system-out>
    <![CDATA[Login Test case!!!]]>
  </system-out>
  <testcase classname="testNGFlags.Flag3" name="method1" time="0.002"/>
  <system-out>
    <![CDATA[Login Test case!!!]]>
  </system-out>
  <testcase classname="testNGFlags.Flag3" name="method1" time="0.002"/>
  <system-out>
    <![CDATA[Login Test case!!!]]>
  </system-out>
  <testcase classname="testNGFlags.Flag3" name="method1" time="0.002"/>
  <system-out>
    <![CDATA[Login Test case!!!]]>
  </system-out>
  <testcase classname="testNGFlags.Flag3" name="method1" time="0.007"/>
  <system-out>
    <![CDATA[Login Test case!!!]]>
  </system-out>
  <testcase classname="testNGFlags.Flag3" name="method1" time="0.002"/>
  <system-out>
    <![CDATA[Login Test case!!!]]>
  </system-out>
  <testcase classname="testNGFlags.Flag3" name="method1" time="0.000"/>
  <system-out>
    <![CDATA[Login Test case!!!]]>
  </system-out>
  <testcase classname="testNGFlags.Flag3" name="method1" time="0.001"/>
  <system-out>
    <![CDATA[Login Test case!!!]]>
  </system-out>
  <testcase classname="testNGFlags.Flag3" name="method1" time="0.001"/>
  <system-out>
    <![CDATA[Login Test case!!!]]>
  </system-out>
  <testcase classname="testNGFlags.Flag3" name="method1" time="0.001"/>
  <system-out>
    <![CDATA[Login Test case!!!]]>
  </system-out>
  <testcase classname="testNGFlags.Flag3" name="method1" time="0.002"/>
  <system-out>
    <![CDATA[Login Test case!!!]]>
  </system-out>
  <testcase classname="testNGFlags.Flag3" name="method1" time="0.002"/>
  <system-out>
    <![CDATA[Login Test case!!!]]>
  </system-out>
  <testcase classname="testNGFlags.Flag3" name="method1" time="0.000"/>
  <system-out>
    <![CDATA[Login Test case!!!]]>
  </system-out>
  <testcase classname="testNGFlags.Flag3" name="method1" time="0.012"/>
  <system-out>
    <![CDATA[Login Test case!!!]]>
  </system-out>
  <testcase classname="testNGFlags.Flag3" name="method1" time="0.003"/>
  <system-out>
    <![CDATA[Login Test case!!!]]>
  </system-out>
  <testcase classname="testNGFlags.Flag3" name="method1" time="0.001"/>
  <system-out>
    <![CDATA[Login Test case!!!]]>
  </system-out>
  <testcase classname="testNGFlags.Flag3" name="method1" time="0.000"/>
  <system-out>
    <![CDATA[Login Test case!!!]]>
  </system-out>
  <testcase classname="testNGFlags.Flag3" name="method1" time="0.003"/>
  <system-out>
    <![CDATA[Login Test case!!!]]>
  </system-out>
  <testcase classname="testNGFlags.Flag3" name="method1" time="0.001"/>
  <system-out>
    <![CDATA[Login Test case!!!]]>
  </system-out>
  <testcase classname="testNGFlags.Flag3" name="method1" time="0.001"/>
  <system-out>
    <![CDATA[Login Test case!!!]]>
  </system-out>
  <testcase classname="testNGFlags.Flag3" name="method1" time="0.001"/>
  <system-out>
    <![CDATA[Login Test case!!!]]>
  </system-out>
  <testcase classname="testNGFlags.Flag3" name="method1" time="0.001"/>
  <system-out>
    <![CDATA[Login Test case!!!]]>
  </system-out>
  <testcase classname="testNGFlags.Flag3" name="method1" time="0.000"/>
  <system-out>
    <![CDATA[Login Test case!!!]]>
  </system-out>
  <testcase classname="testNGFlags.Flag3" name="method1" time="0.000"/>
  <system-out>
    <![CDATA[Login Test case!!!]]>
  </system-out>
  <testcase classname="testNGFlags.Flag3" name="method1" time="0.001"/>
  <system-out>
    <![CDATA[Login Test case!!!]]>
  </system-out>
  <testcase classname="testNGFlags.Flag3" name="method1" time="0.001"/>
  <system-out>
    <![CDATA[Login Test case!!!]]>
  </system-out>
  <testcase classname="testNGFlags.Flag3" name="method1" time="0.001"/>
  <system-out>
    <![CDATA[Login Test case!!!]]>
  </system-out>
  <testcase classname="testNGFlags.Flag3" name="method1" time="0.000"/>
  <system-out>
    <![CDATA[Login Test case!!!]]>
  </system-out>
  <testcase classname="testNGFlags.Flag3" name="method1" time="0.002"/>
  <system-out>
    <![CDATA[Login Test case!!!]]>
  </system-out>
  <testcase classname="testNGFlags.Flag3" name="method1" time="0.004"/>
  <system-out>
    <![CDATA[Login Test case!!!]]>
  </system-out>
  <testcase classname="testNGFlags.Flag3" name="method1" time="0.005"/>
  <system-out>
    <![CDATA[Login Test case!!!]]>
  </system-out>
  <testcase classname="testNGFlags.Flag3" name="method1" time="0.000"/>
  <system-out>
    <![CDATA[Login Test case!!!]]>
  </system-out>
  <testcase classname="testNGFlags.Flag3" name="method1" time="0.004"/>
  <system-out>
    <![CDATA[Login Test case!!!]]>
  </system-out>
  <testcase classname="testNGFlags.Flag3" name="method1" time="0.004"/>
  <system-out>
    <![CDATA[Login Test case!!!]]>
  </system-out>
  <testcase classname="testNGFlags.Flag3" name="method1" time="0.000"/>
  <system-out>
    <![CDATA[Login Test case!!!]]>
  </system-out>
  <testcase classname="testNGFlags.Flag3" name="method1" time="0.002"/>
  <system-out>
    <![CDATA[Login Test case!!!]]>
  </system-out>
  <testcase classname="testNGFlags.Flag3" name="method1" time="0.000"/>
  <system-out>
    <![CDATA[Login Test case!!!]]>
  </system-out>
  <testcase classname="testNGFlags.Flag3" name="method1" time="0.000"/>
  <system-out>
    <![CDATA[Login Test case!!!]]>
  </system-out>
  <testcase classname="testNGFlags.Flag3" name="method1" time="0.002"/>
  <system-out>
    <![CDATA[Login Test case!!!]]>
  </system-out>
  <testcase classname="testNGFlags.Flag3" name="method1" time="0.000"/>
  <system-out>
    <![CDATA[Login Test case!!!]]>
  </system-out>
  <testcase classname="testNGFlags.Flag3" name="method1" time="0.000"/>
  <system-out>
    <![CDATA[Login Test case!!!]]>
  </system-out>
  <testcase classname="testNGFlags.Flag3" name="method1" time="0.002"/>
  <system-out>
    <![CDATA[Login Test case!!!]]>
  </system-out>
  <testcase classname="testNGFlags.Flag3" name="method1" time="0.002"/>
  <system-out>
    <![CDATA[Login Test case!!!]]>
  </system-out>
  <testcase classname="testNGFlags.Flag3" name="method1" time="0.003"/>
  <system-out>
    <![CDATA[Login Test case!!!]]>
  </system-out>
  <testcase classname="testNGFlags.Flag3" name="method1" time="0.001"/>
  <system-out>
    <![CDATA[Login Test case!!!]]>
  </system-out>
  <testcase classname="testNGFlags.Flag3" name="method1" time="0.000"/>
  <system-out>
    <![CDATA[Login Test case!!!]]>
  </system-out>
  <testcase classname="testNGFlags.Flag3" name="method1" time="0.001"/>
  <system-out>
    <![CDATA[Login Test case!!!]]>
  </system-out>
  <testcase classname="testNGFlags.Flag3" name="method1" time="0.000"/>
  <system-out>
    <![CDATA[Login Test case!!!]]>
  </system-out>
  <testcase classname="testNGFlags.Flag3" name="method1" time="0.001"/>
  <system-out>
    <![CDATA[Login Test case!!!]]>
  </system-out>
  <testcase classname="testNGFlags.Flag3" name="method1" time="0.001"/>
  <system-out>
    <![CDATA[Login Test case!!!]]>
  </system-out>
  <testcase classname="testNGFlags.Flag3" name="method1" time="0.001"/>
  <system-out>
    <![CDATA[Login Test case!!!]]>
  </system-out>
  <testcase classname="testNGFlags.Flag3" name="method1" time="0.001"/>
  <system-out>
    <![CDATA[Login Test case!!!]]>
  </system-out>
  <testcase classname="testNGFlags.Flag3" name="method1" time="0.001"/>
  <system-out>
    <![CDATA[Login Test case!!!]]>
  </system-out>
  <testcase classname="testNGFlags.Flag3" name="method1" time="0.003"/>
  <system-out>
    <![CDATA[Login Test case!!!]]>
  </system-out>
  <testcase classname="testNGFlags.Flag3" name="method1" time="0.001"/>
  <system-out>
    <![CDATA[Login Test case!!!]]>
  </system-out>
  <testcase classname="testNGFlags.Flag3" name="method1" time="0.001"/>
  <system-out>
    <![CDATA[Login Test case!!!]]>
  </system-out>
  <testcase classname="testNGFlags.Flag3" name="method1" time="0.001"/>
  <system-out>
    <![CDATA[Login Test case!!!]]>
  </system-out>
  <testcase classname="testNGFlags.Flag3" name="method1" time="0.000"/>
  <system-out>
    <![CDATA[Login Test case!!!]]>
  </system-out>
  <testcase classname="testNGFlags.Flag3" name="method1" time="0.001"/>
  <system-out>
    <![CDATA[Login Test case!!!]]>
  </system-out>
  <testcase classname="testNGFlags.Flag3" name="method1" time="0.001"/>
  <system-out>
    <![CDATA[Login Test case!!!]]>
  </system-out>
  <testcase classname="testNGFlags.Flag3" name="method1" time="0.001"/>
  <system-out>
    <![CDATA[Login Test case!!!]]>
  </system-out>
  <testcase classname="testNGFlags.Flag3" name="method1" time="0.002"/>
  <system-out>
    <![CDATA[Login Test case!!!]]>
  </system-out>
  <testcase classname="testNGFlags.Flag3" name="method1" time="0.001"/>
  <system-out>
    <![CDATA[Login Test case!!!]]>
  </system-out>
  <testcase classname="testNGFlags.Flag3" name="method1" time="0.004"/>
  <system-out>
    <![CDATA[Login Test case!!!]]>
  </system-out>
  <testcase classname="testNGFlags.Flag3" name="method1" time="0.000"/>
  <system-out>
    <![CDATA[Login Test case!!!]]>
  </system-out>
  <testcase classname="testNGFlags.Flag3" name="method1" time="0.001"/>
  <system-out>
    <![CDATA[Login Test case!!!]]>
  </system-out>
  <testcase classname="testNGFlags.Flag3" name="method1" time="0.012"/>
  <system-out>
    <![CDATA[Login Test case!!!]]>
  </system-out>
  <testcase classname="testNGFlags.Flag3" name="method1" time="0.001"/>
  <system-out>
    <![CDATA[Login Test case!!!]]>
  </system-out>
  <testcase classname="testNGFlags.Flag3" name="method1" time="0.005"/>
  <system-out>
    <![CDATA[Login Test case!!!]]>
  </system-out>
  <testcase classname="testNGFlags.Flag3" name="method1" time="0.004"/>
  <system-out>
    <![CDATA[Login Test case!!!]]>
  </system-out>
  <testcase classname="testNGFlags.Flag3" name="method1" time="0.000"/>
  <system-out>
    <![CDATA[Login Test case!!!]]>
  </system-out>
  <testcase classname="testNGFlags.Flag3" name="method1" time="0.001"/>
  <system-out>
    <![CDATA[Login Test case!!!]]>
  </system-out>
  <testcase classname="testNGFlags.Flag3" name="method1" time="0.001"/>
  <system-out>
    <![CDATA[Login Test case!!!]]>
  </system-out>
  <testcase classname="testNGFlags.Flag3" name="method1" time="0.001"/>
  <system-out>
    <![CDATA[Login Test case!!!]]>
  </system-out>
  <testcase classname="testNGFlags.Flag3" name="method1" time="0.002"/>
  <system-out>
    <![CDATA[Login Test case!!!]]>
  </system-out>
  <testcase classname="testNGFlags.Flag3" name="method1" time="0.009"/>
  <system-out>
    <![CDATA[Login Test case!!!]]>
  </system-out>
  <testcase classname="testNGFlags.Flag3" name="method1" time="0.001"/>
  <system-out>
    <![CDATA[Login Test case!!!]]>
  </system-out>
  <testcase classname="testNGFlags.Flag3" name="method1" time="0.000"/>
  <system-out>
    <![CDATA[Login Test case!!!]]>
  </system-out>
  <testcase classname="testNGFlags.Flag3" name="method1" time="0.001"/>
  <system-out>
    <![CDATA[Login Test case!!!]]>
  </system-out>
  <testcase classname="testNGFlags.Flag3" name="method1" time="0.003"/>
  <system-out>
    <![CDATA[Login Test case!!!]]>
  </system-out>
  <testcase classname="testNGFlags.Flag3" name="method1" time="0.003"/>
  <system-out>
    <![CDATA[Login Test case!!!]]>
  </system-out>
  <testcase classname="testNGFlags.Flag3" name="method1" time="0.001"/>
  <system-out>
    <![CDATA[Login Test case!!!]]>
  </system-out>
  <testcase classname="testNGFlags.Flag3" name="method1" time="0.002"/>
  <system-out>
    <![CDATA[Login Test case!!!]]>
  </system-out>
  <testcase classname="testNGFlags.Flag3" name="method1" time="0.005"/>
  <system-out>
    <![CDATA[Login Test case!!!]]>
  </system-out>
  <testcase classname="testNGFlags.Flag3" name="method1" time="0.001"/>
  <system-out>
    <![CDATA[Login Test case!!!]]>
  </system-out>
  <testcase classname="testNGFlags.Flag3" name="method1" time="0.003"/>
  <system-out>
    <![CDATA[Login Test case!!!]]>
  </system-out>
  <testcase classname="testNGFlags.Flag3" name="method1" time="0.001"/>
  <system-out>
    <![CDATA[Login Test case!!!]]>
  </system-out>
  <testcase classname="testNGFlags.Flag3" name="method1" time="0.002"/>
  <system-out>
    <![CDATA[Login Test case!!!]]>
  </system-out>
  <testcase classname="testNGFlags.Flag3" name="method1" time="0.001"/>
  <system-out>
    <![CDATA[Login Test case!!!]]>
  </system-out>
  <testcase classname="testNGFlags.Flag3" name="method1" time="0.000"/>
  <system-out>
    <![CDATA[Login Test case!!!]]>
  </system-out>
  <testcase classname="testNGFlags.Flag3" name="method1" time="0.000"/>
  <system-out>
    <![CDATA[Login Test case!!!]]>
  </system-out>
  <testcase classname="testNGFlags.Flag3" name="method1" time="0.001"/>
  <system-out>
    <![CDATA[Login Test case!!!]]>
  </system-out>
  <testcase classname="testNGFlags.Flag3" name="method1" time="0.001"/>
  <system-out>
    <![CDATA[Login Test case!!!]]>
  </system-out>
  <testcase classname="testNGFlags.Flag3" name="method1" time="0.000"/>
  <system-out>
    <![CDATA[Login Test case!!!]]>
  </system-out>
  <testcase classname="testNGFlags.Flag3" name="method1" time="0.001"/>
  <system-out>
    <![CDATA[Login Test case!!!]]>
  </system-out>
  <testcase classname="testNGFlags.Flag3" name="method1" time="0.001"/>
  <system-out>
    <![CDATA[Login Test case!!!]]>
  </system-out>
  <testcase classname="testNGFlags.Flag3" name="method1" time="0.003"/>
  <system-out>
    <![CDATA[Login Test case!!!]]>
  </system-out>
  <testcase classname="testNGFlags.Flag3" name="method1" time="0.001"/>
  <system-out>
    <![CDATA[Login Test case!!!]]>
  </system-out>
  <testcase classname="testNGFlags.Flag3" name="method1" time="0.001"/>
  <system-out>
    <![CDATA[Login Test case!!!]]>
  </system-out>
  <testcase classname="testNGFlags.Flag3" name="method1" time="0.000"/>
  <system-out>
    <![CDATA[Login Test case!!!]]>
  </system-out>
  <testcase classname="testNGFlags.Flag3" name="method1" time="0.002"/>
  <system-out>
    <![CDATA[Login Test case!!!]]>
  </system-out>
  <testcase classname="testNGFlags.Flag3" name="method1" time="0.005"/>
  <system-out>
    <![CDATA[Login Test case!!!]]>
  </system-out>
  <testcase classname="testNGFlags.Flag3" name="method1" time="0.001"/>
  <system-out>
    <![CDATA[Login Test case!!!]]>
  </system-out>
  <testcase classname="testNGFlags.Flag3" name="method1" time="0.001"/>
  <system-out>
    <![CDATA[Login Test case!!!]]>
  </system-out>
  <testcase classname="testNGFlags.Flag3" name="method1" time="0.003"/>
  <system-out>
    <![CDATA[Login Test case!!!]]>
  </system-out>
  <testcase classname="testNGFlags.Flag3" name="method1" time="0.000"/>
  <system-out>
    <![CDATA[Login Test case!!!]]>
  </system-out>
  <testcase classname="testNGFlags.Flag3" name="method1" time="0.002"/>
  <system-out>
    <![CDATA[Login Test case!!!]]>
  </system-out>
  <testcase classname="testNGFlags.Flag3" name="method1" time="0.001"/>
  <system-out>
    <![CDATA[Login Test case!!!]]>
  </system-out>
  <testcase classname="testNGFlags.Flag3" name="method1" time="0.003"/>
  <system-out>
    <![CDATA[Login Test case!!!]]>
  </system-out>
  <testcase classname="testNGFlags.Flag3" name="method1" time="0.000"/>
  <system-out>
    <![CDATA[Login Test case!!!]]>
  </system-out>
  <testcase classname="testNGFlags.Flag3" name="method1" time="0.001"/>
  <system-out>
    <![CDATA[Login Test case!!!]]>
  </system-out>
  <testcase classname="testNGFlags.Flag3" name="method1" time="0.001"/>
  <system-out>
    <![CDATA[Login Test case!!!]]>
  </system-out>
  <testcase classname="testNGFlags.Flag3" name="method1" time="0.001"/>
  <system-out>
    <![CDATA[Login Test case!!!]]>
  </system-out>
  <testcase classname="testNGFlags.Flag3" name="method1" time="0.001"/>
  <system-out>
    <![CDATA[Login Test case!!!]]>
  </system-out>
  <testcase classname="testNGFlags.Flag3" name="method1" time="0.004"/>
  <system-out>
    <![CDATA[Login Test case!!!]]>
  </system-out>
  <testcase classname="testNGFlags.Flag3" name="method1" time="0.002"/>
  <system-out>
    <![CDATA[Login Test case!!!]]>
  </system-out>
  <testcase classname="testNGFlags.Flag3" name="method1" time="0.002"/>
  <system-out>
    <![CDATA[Login Test case!!!]]>
  </system-out>
  <testcase classname="testNGFlags.Flag3" name="method1" time="0.006"/>
  <system-out>
    <![CDATA[Login Test case!!!]]>
  </system-out>
  <testcase classname="testNGFlags.Flag3" name="method1" time="0.001"/>
  <system-out>
    <![CDATA[Login Test case!!!]]>
  </system-out>
  <testcase classname="testNGFlags.Flag3" name="method1" time="0.002"/>
  <system-out>
    <![CDATA[Login Test case!!!]]>
  </system-out>
  <testcase classname="testNGFlags.Flag3" name="method1" time="0.001"/>
  <system-out>
    <![CDATA[Login Test case!!!]]>
  </system-out>
  <testcase classname="testNGFlags.Flag3" name="method1" time="0.001"/>
  <system-out>
    <![CDATA[Login Test case!!!]]>
  </system-out>
  <testcase classname="testNGFlags.Flag3" name="method1" time="0.001"/>
  <system-out>
    <![CDATA[Login Test case!!!]]>
  </system-out>
  <testcase classname="testNGFlags.Flag3" name="method1" time="0.000"/>
  <system-out>
    <![CDATA[Login Test case!!!]]>
  </system-out>
  <testcase classname="testNGFlags.Flag3" name="method1" time="0.001"/>
  <system-out>
    <![CDATA[Login Test case!!!]]>
  </system-out>
  <testcase classname="testNGFlags.Flag3" name="method1" time="0.002"/>
  <system-out>
    <![CDATA[Login Test case!!!]]>
  </system-out>
  <testcase classname="testNGFlags.Flag3" name="method1" time="0.000"/>
  <system-out>
    <![CDATA[Login Test case!!!]]>
  </system-out>
  <testcase classname="testNGFlags.Flag3" name="method1" time="0.000"/>
  <system-out>
    <![CDATA[Login Test case!!!]]>
  </system-out>
  <testcase classname="testNGFlags.Flag3" name="method1" time="0.001"/>
  <system-out>
    <![CDATA[Login Test case!!!]]>
  </system-out>
  <testcase classname="testNGFlags.Flag3" name="method1" time="0.001"/>
  <system-out>
    <![CDATA[Login Test case!!!]]>
  </system-out>
  <testcase classname="testNGFlags.Flag3" name="method1" time="0.001"/>
  <system-out>
    <![CDATA[Login Test case!!!]]>
  </system-out>
  <testcase classname="testNGFlags.Flag3" name="method1" time="0.001"/>
  <system-out>
    <![CDATA[Login Test case!!!]]>
  </system-out>
  <testcase classname="testNGFlags.Flag3" name="method1" time="0.001"/>
  <system-out>
    <![CDATA[Login Test case!!!]]>
  </system-out>
  <testcase classname="testNGFlags.Flag3" name="method1" time="0.001"/>
  <system-out>
    <![CDATA[Login Test case!!!]]>
  </system-out>
  <testcase classname="testNGFlags.Flag3" name="method1" time="0.000"/>
  <system-out>
    <![CDATA[Login Test case!!!]]>
  </system-out>
  <testcase classname="testNGFlags.Flag3" name="method1" time="0.000"/>
  <system-out>
    <![CDATA[Login Test case!!!]]>
  </system-out>
  <testcase classname="testNGFlags.Flag3" name="method1" time="0.001"/>
  <system-out>
    <![CDATA[Login Test case!!!]]>
  </system-out>
  <testcase classname="testNGFlags.Flag3" name="method1" time="0.001"/>
  <system-out>
    <![CDATA[Login Test case!!!]]>
  </system-out>
  <testcase classname="testNGFlags.Flag3" name="method1" time="0.000"/>
  <system-out>
    <![CDATA[Login Test case!!!]]>
  </system-out>
  <testcase classname="testNGFlags.Flag3" name="method1" time="0.002"/>
  <system-out>
    <![CDATA[Login Test case!!!]]>
  </system-out>
  <testcase classname="testNGFlags.Flag3" name="method1" time="0.002"/>
  <system-out>
    <![CDATA[Login Test case!!!]]>
  </system-out>
  <testcase classname="testNGFlags.Flag3" name="method1" time="0.000"/>
  <system-out>
    <![CDATA[Login Test case!!!]]>
  </system-out>
  <testcase classname="testNGFlags.Flag3" name="method1" time="0.000"/>
  <system-out>
    <![CDATA[Login Test case!!!]]>
  </system-out>
  <testcase classname="testNGFlags.Flag3" name="method1" time="0.000"/>
  <system-out>
    <![CDATA[Login Test case!!!]]>
  </system-out>
  <testcase classname="testNGFlags.Flag3" name="method1" time="0.001"/>
  <system-out>
    <![CDATA[Login Test case!!!]]>
  </system-out>
  <testcase classname="testNGFlags.Flag3" name="method1" time="0.005"/>
  <system-out>
    <![CDATA[Login Test case!!!]]>
  </system-out>
  <testcase classname="testNGFlags.Flag3" name="method1" time="0.001"/>
  <system-out>
    <![CDATA[Login Test case!!!]]>
  </system-out>
  <testcase classname="testNGFlags.Flag3" name="method1" time="0.000"/>
  <system-out>
    <![CDATA[Login Test case!!!]]>
  </system-out>
  <testcase classname="testNGFlags.Flag3" name="method1" time="0.001"/>
  <system-out>
    <![CDATA[Login Test case!!!]]>
  </system-out>
  <testcase classname="testNGFlags.Flag3" name="method1" time="0.000"/>
  <system-out>
    <![CDATA[Login Test case!!!]]>
  </system-out>
  <testcase classname="testNGFlags.Flag3" name="method1" time="0.001"/>
  <system-out>
    <![CDATA[Login Test case!!!]]>
  </system-out>
  <testcase classname="testNGFlags.Flag3" name="method1" time="0.000"/>
  <system-out>
    <![CDATA[Login Test case!!!]]>
  </system-out>
  <testcase classname="testNGFlags.Flag3" name="method1" time="0.001"/>
  <system-out>
    <![CDATA[Login Test case!!!]]>
  </system-out>
  <testcase classname="testNGFlags.Flag3" name="method1" time="0.003"/>
  <system-out>
    <![CDATA[Login Test case!!!]]>
  </system-out>
  <testcase classname="testNGFlags.Flag3" name="method1" time="0.008"/>
  <system-out>
    <![CDATA[Login Test case!!!]]>
  </system-out>
  <testcase classname="testNGFlags.Flag3" name="method1" time="0.003"/>
  <system-out>
    <![CDATA[Login Test case!!!]]>
  </system-out>
  <testcase classname="testNGFlags.Flag3" name="method1" time="0.001"/>
  <system-out>
    <![CDATA[Login Test case!!!]]>
  </system-out>
  <testcase classname="testNGFlags.Flag3" name="method1" time="0.001"/>
  <system-out>
    <![CDATA[Login Test case!!!]]>
  </system-out>
  <testcase classname="testNGFlags.Flag3" name="method1" time="0.001"/>
  <system-out>
    <![CDATA[Login Test case!!!]]>
  </system-out>
  <testcase classname="testNGFlags.Flag3" name="method1" time="0.001"/>
  <system-out>
    <![CDATA[Login Test case!!!]]>
  </system-out>
  <testcase classname="testNGFlags.Flag3" name="method1" time="0.002"/>
  <system-out>
    <![CDATA[Login Test case!!!]]>
  </system-out>
  <testcase classname="testNGFlags.Flag3" name="method1" time="0.000"/>
  <system-out>
    <![CDATA[Login Test case!!!]]>
  </system-out>
  <testcase classname="testNGFlags.Flag3" name="method1" time="0.001"/>
  <system-out>
    <![CDATA[Login Test case!!!]]>
  </system-out>
  <testcase classname="testNGFlags.Flag3" name="method1" time="0.003"/>
  <system-out>
    <![CDATA[Login Test case!!!]]>
  </system-out>
  <testcase classname="testNGFlags.Flag3" name="method1" time="0.001"/>
  <system-out>
    <![CDATA[Login Test case!!!]]>
  </system-out>
  <testcase classname="testNGFlags.Flag3" name="method1" time="0.002"/>
  <system-out>
    <![CDATA[Login Test case!!!]]>
  </system-out>
  <testcase classname="testNGFlags.Flag3" name="method1" time="0.001"/>
  <system-out>
    <![CDATA[Login Test case!!!]]>
  </system-out>
  <testcase classname="testNGFlags.Flag3" name="method1" time="0.001"/>
  <system-out>
    <![CDATA[Login Test case!!!]]>
  </system-out>
  <testcase classname="testNGFlags.Flag3" name="method1" time="0.000"/>
  <system-out>
    <![CDATA[Login Test case!!!]]>
  </system-out>
  <testcase classname="testNGFlags.Flag3" name="method1" time="0.004"/>
  <system-out>
    <![CDATA[Login Test case!!!]]>
  </system-out>
  <testcase classname="testNGFlags.Flag3" name="method1" time="0.000"/>
  <system-out>
    <![CDATA[Login Test case!!!]]>
  </system-out>
  <testcase classname="testNGFlags.Flag3" name="method1" time="0.002"/>
  <system-out>
    <![CDATA[Login Test case!!!]]>
  </system-out>
  <testcase classname="testNGFlags.Flag3" name="method1" time="0.017"/>
  <system-out>
    <![CDATA[Login Test case!!!]]>
  </system-out>
  <testcase classname="testNGFlags.Flag3" name="method1" time="0.003"/>
  <system-out>
    <![CDATA[Login Test case!!!]]>
  </system-out>
  <testcase classname="testNGFlags.Flag3" name="method1" time="0.001"/>
  <system-out>
    <![CDATA[Login Test case!!!]]>
  </system-out>
  <testcase classname="testNGFlags.Flag3" name="method1" time="0.000"/>
  <system-out>
    <![CDATA[Login Test case!!!]]>
  </system-out>
  <testcase classname="testNGFlags.Flag3" name="method1" time="0.001"/>
  <system-out>
    <![CDATA[Login Test case!!!]]>
  </system-out>
  <testcase classname="testNGFlags.Flag3" name="method1" time="0.003"/>
  <system-out>
    <![CDATA[Login Test case!!!]]>
  </system-out>
  <testcase classname="testNGFlags.Flag3" name="method1" time="0.002"/>
  <system-out>
    <![CDATA[Login Test case!!!]]>
  </system-out>
  <testcase classname="testNGFlags.Flag3" name="method1" time="0.001"/>
  <system-out>
    <![CDATA[Login Test case!!!]]>
  </system-out>
  <testcase classname="testNGFlags.Flag3" name="method1" time="0.001"/>
  <system-out>
    <![CDATA[Login Test case!!!]]>
  </system-out>
  <testcase classname="testNGFlags.Flag3" name="method1" time="0.001"/>
  <system-out>
    <![CDATA[Login Test case!!!]]>
  </system-out>
  <testcase classname="testNGFlags.Flag3" name="method1" time="0.002"/>
  <system-out>
    <![CDATA[Login Test case!!!]]>
  </system-out>
  <testcase classname="testNGFlags.Flag3" name="method1" time="0.003"/>
  <system-out>
    <![CDATA[Login Test case!!!]]>
  </system-out>
  <testcase classname="testNGFlags.Flag3" name="method1" time="0.003"/>
  <system-out>
    <![CDATA[Login Test case!!!]]>
  </system-out>
  <testcase classname="testNGFlags.Flag3" name="method1" time="0.000"/>
  <system-out>
    <![CDATA[Login Test case!!!]]>
  </system-out>
  <testcase classname="testNGFlags.Flag3" name="method1" time="0.000"/>
  <system-out>
    <![CDATA[Login Test case!!!]]>
  </system-out>
  <testcase classname="testNGFlags.Flag3" name="method1" time="0.002"/>
  <system-out>
    <![CDATA[Login Test case!!!]]>
  </system-out>
  <testcase classname="testNGFlags.Flag3" name="method1" time="0.002"/>
  <system-out>
    <![CDATA[Login Test case!!!]]>
  </system-out>
  <testcase classname="testNGFlags.Flag3" name="method1" time="0.001"/>
  <system-out>
    <![CDATA[Login Test case!!!]]>
  </system-out>
  <testcase classname="testNGFlags.Flag3" name="method1" time="0.000"/>
  <system-out>
    <![CDATA[Login Test case!!!]]>
  </system-out>
  <testcase classname="testNGFlags.Flag3" name="method1" time="0.001"/>
  <system-out>
    <![CDATA[Login Test case!!!]]>
  </system-out>
  <testcase classname="testNGFlags.Flag3" name="method1" time="0.001"/>
  <system-out>
    <![CDATA[Login Test case!!!]]>
  </system-out>
  <testcase classname="testNGFlags.Flag3" name="method1" time="0.001"/>
  <system-out>
    <![CDATA[Login Test case!!!]]>
  </system-out>
  <testcase classname="testNGFlags.Flag3" name="method1" time="0.001"/>
  <system-out>
    <![CDATA[Login Test case!!!]]>
  </system-out>
  <testcase classname="testNGFlags.Flag3" name="method1" time="0.002"/>
  <system-out>
    <![CDATA[Login Test case!!!]]>
  </system-out>
  <testcase classname="testNGFlags.Flag3" name="method1" time="0.002"/>
  <system-out>
    <![CDATA[Login Test case!!!]]>
  </system-out>
  <testcase classname="testNGFlags.Flag3" name="method1" time="0.002"/>
  <system-out>
    <![CDATA[Login Test case!!!]]>
  </system-out>
  <testcase classname="testNGFlags.Flag3" name="method1" time="0.002"/>
  <system-out>
    <![CDATA[Login Test case!!!]]>
  </system-out>
  <testcase classname="testNGFlags.Flag3" name="method1" time="0.001"/>
  <system-out>
    <![CDATA[Login Test case!!!]]>
  </system-out>
  <testcase classname="testNGFlags.Flag3" name="method1" time="0.000"/>
  <system-out>
    <![CDATA[Login Test case!!!]]>
  </system-out>
  <testcase classname="testNGFlags.Flag3" name="method1" time="0.000"/>
  <system-out>
    <![CDATA[Login Test case!!!]]>
  </system-out>
  <testcase classname="testNGFlags.Flag3" name="method1" time="0.001"/>
  <system-out>
    <![CDATA[Login Test case!!!]]>
  </system-out>
  <testcase classname="testNGFlags.Flag3" name="method1" time="0.000"/>
  <system-out>
    <![CDATA[Login Test case!!!]]>
  </system-out>
  <testcase classname="testNGFlags.Flag3" name="method1" time="0.001"/>
  <system-out>
    <![CDATA[Login Test case!!!]]>
  </system-out>
  <testcase classname="testNGFlags.Flag3" name="method1" time="0.002"/>
  <system-out>
    <![CDATA[Login Test case!!!]]>
  </system-out>
  <testcase classname="testNGFlags.Flag3" name="method1" time="0.000"/>
  <system-out>
    <![CDATA[Login Test case!!!]]>
  </system-out>
  <testcase classname="testNGFlags.Flag3" name="method1" time="0.001"/>
  <system-out>
    <![CDATA[Login Test case!!!]]>
  </system-out>
  <testcase classname="testNGFlags.Flag3" name="method1" time="0.003"/>
  <system-out>
    <![CDATA[Login Test case!!!]]>
  </system-out>
  <testcase classname="testNGFlags.Flag3" name="method1" time="0.001"/>
  <system-out>
    <![CDATA[Login Test case!!!]]>
  </system-out>
  <testcase classname="testNGFlags.Flag3" name="method1" time="0.000"/>
  <system-out>
    <![CDATA[Login Test case!!!]]>
  </system-out>
  <testcase classname="testNGFlags.Flag3" name="method1" time="0.001"/>
  <system-out>
    <![CDATA[Login Test case!!!]]>
  </system-out>
  <testcase classname="testNGFlags.Flag3" name="method1" time="0.002"/>
  <system-out>
    <![CDATA[Login Test case!!!]]>
  </system-out>
  <testcase classname="testNGFlags.Flag3" name="method1" time="0.000"/>
  <system-out>
    <![CDATA[Login Test case!!!]]>
  </system-out>
  <testcase classname="testNGFlags.Flag3" name="method1" time="0.010"/>
  <system-out>
    <![CDATA[Login Test case!!!]]>
  </system-out>
  <testcase classname="testNGFlags.Flag3" name="method1" time="0.001"/>
  <system-out>
    <![CDATA[Login Test case!!!]]>
  </system-out>
  <testcase classname="testNGFlags.Flag3" name="method1" time="0.001"/>
  <system-out>
    <![CDATA[Login Test case!!!]]>
  </system-out>
  <testcase classname="testNGFlags.Flag3" name="method1" time="0.003"/>
  <system-out>
    <![CDATA[Login Test case!!!]]>
  </system-out>
  <testcase classname="testNGFlags.Flag3" name="method1" time="0.000"/>
  <system-out>
    <![CDATA[Login Test case!!!]]>
  </system-out>
  <testcase classname="testNGFlags.Flag3" name="method1" time="0.001"/>
  <system-out>
    <![CDATA[Login Test case!!!]]>
  </system-out>
  <testcase classname="testNGFlags.Flag3" name="method1" time="0.004"/>
  <system-out>
    <![CDATA[Login Test case!!!]]>
  </system-out>
  <testcase classname="testNGFlags.Flag3" name="method1" time="0.000"/>
  <system-out>
    <![CDATA[Login Test case!!!]]>
  </system-out>
  <testcase classname="testNGFlags.Flag3" name="method1" time="0.001"/>
  <system-out>
    <![CDATA[Login Test case!!!]]>
  </system-out>
  <testcase classname="testNGFlags.Flag3" name="method1" time="0.001"/>
  <system-out>
[...]
  <system-out>
    <![CDATA[Login Test case!!!]]>
  </system-out>
  <testcase classname="testNGFlags.Flag3" name="method1" time="0.002"/>
  <system-out>
    <![CDATA[Login Test case!!!]]>
  </system-out>
  <testcase classname="testNGFlags.Flag3" name="method1" time="0.004"/>
  <system-out>
    <![CDATA[Login Test case!!!]]>
  </system-out>
  <testcase classname="testNGFlags.Flag3" name="method1" time="0.002"/>
  <system-out>
    <![CDATA[Login Test case!!!]]>
  </system-out>
  <testcase classname="testNGFlags.Flag3" name="method1" time="0.001"/>
  <system-out>
    <![CDATA[Login Test case!!!]]>
  </system-out>
  <testcase classname="testNGFlags.Flag3" name="method1" time="0.000"/>
  <system-out>
    <![CDATA[Login Test case!!!]]>
  </system-out>
  <testcase classname="testNGFlags.Flag3" name="method1" time="0.001"/>
  <system-out>
    <![CDATA[Login Test case!!!]]>
  </system-out>
  <testcase classname="testNGFlags.Flag3" name="method1" time="0.001"/>
  <system-out>
    <![CDATA[Login Test case!!!]]>
  </system-out>
  <testcase classname="testNGFlags.Flag3" name="method1" time="0.000"/>
  <system-out>
    <![CDATA[Login Test case!!!]]>
  </system-out>
  <testcase classname="testNGFlags.Flag3" name="method1" time="0.002"/>
  <system-out>
    <![CDATA[Login Test case!!!]]>
  </system-out>
  <testcase classname="testNGFlags.Flag3" name="method1" time="0.003"/>
  <system-out>
    <![CDATA[Login Test case!!!]]>
  </system-out>
  <testcase classname="testNGFlags.Flag3" name="method1" time="0.002"/>
  <system-out>
    <![CDATA[Login Test case!!!]]>
  </system-out>
  <testcase classname="testNGFlags.Flag3" name="method1" time="0.001"/>
  <system-out>
    <![CDATA[Login Test case!!!]]>
  </system-out>
  <testcase classname="testNGFlags.Flag3" name="method1" time="0.001"/>
  <system-out>
    <![CDATA[Login Test case!!!]]>
  </system-out>
  <testcase classname="testNGFlags.Flag3" name="method1" time="0.001"/>
  <system-out>
    <![CDATA[Login Test case!!!]]>
  </system-out>
  <testcase classname="testNGFlags.Flag3" name="method1" time="0.000"/>
  <system-out>
    <![CDATA[Login Test case!!!]]>
  </system-out>
  <testcase classname="testNGFlags.Flag3" name="method1" time="0.002"/>
  <system-out>
    <![CDATA[Login Test case!!!]]>
  </system-out>
  <testcase classname="testNGFlags.Flag3" name="method1" time="0.003"/>
  <system-out>
    <![CDATA[Login Test case!!!]]>
  </system-out>
  <testcase classname="testNGFlags.Flag3" name="method1" time="0.003"/>
  <system-out>
    <![CDATA[Login Test case!!!]]>
  </system-out>
  <testcase classname="testNGFlags.Flag3" name="method1" time="0.001"/>
  <system-out>
    <![CDATA[Login Test case!!!]]>
  </system-out>
  <testcase classname="testNGFlags.Flag3" name="method1" time="0.001"/>
  <system-out>
    <![CDATA[Login Test case!!!]]>
  </system-out>
  <testcase classname="testNGFlags.Flag3" name="method1" time="0.001"/>
  <system-out>
    <![CDATA[Login Test case!!!]]>
  </system-out>
  <testcase classname="testNGFlags.Flag3" name="method1" time="0.000"/>
  <system-out>
    <![CDATA[Login Test case!!!]]>
  </system-out>
  <testcase classname="testNGFlags.Flag3" name="method1" time="0.000"/>
  <system-out>
    <![CDATA[Login Test case!!!]]>
  </system-out>
  <testcase classname="testNGFlags.Flag3" name="method1" time="0.001"/>
  <system-out>
    <![CDATA[Login Test case!!!]]>
  </system-out>
  <testcase classname="testNGFlags.Flag3" name="method1" time="0.007"/>
  <system-out>
    <![CDATA[Login Test case!!!]]>
  </system-out>
  <testcase classname="testNGFlags.Flag3" name="method1" time="0.002"/>
  <system-out>
    <![CDATA[Login Test case!!!]]>
  </system-out>
  <testcase classname="testNGFlags.Flag3" name="method1" time="0.001"/>
  <system-out>
    <![CDATA[Login Test case!!!]]>
  </system-out>
  <testcase classname="testNGFlags.Flag3" name="method1" time="0.002"/>
  <system-out>
    <![CDATA[Login Test case!!!]]>
  </system-out>
  <testcase classname="testNGFlags.Flag3" name="method1" time="0.000"/>
  <system-out>
    <![CDATA[Login Test case!!!]]>
  </system-out>
  <testcase classname="testNGFlags.Flag3" name="method1" time="0.001"/>
  <system-out>
    <![CDATA[Login Test case!!!]]>
  </system-out>
  <testcase classname="testNGFlags.Flag3" name="method1" time="0.001"/>
  <system-out>
    <![CDATA[Login Test case!!!]]>
  </system-out>
  <testcase classname="testNGFlags.Flag3" name="method1" time="0.001"/>
  <system-out>
    <![CDATA[Login Test case!!!]]>
  </system-out>
  <testcase classname="testNGFlags.Flag3" name="method1" time="0.003"/>
  <system-out>
    <![CDATA[Login Test case!!!]]>
  </system-out>
  <testcase classname="testNGFlags.Flag3" name="method1" time="0.000"/>
  <system-out>
    <![CDATA[Login Test case!!!]]>
  </system-out>
  <testcase classname="testNGFlags.Flag3" name="method1" time="0.002"/>
  <system-out>
    <![CDATA[Login Test case!!!]]>
  </system-out>
  <testcase classname="testNGFlags.Flag3" name="method1" time="0.008"/>
  <system-out>
    <![CDATA[Login Test case!!!]]>
  </system-out>
  <testcase classname="testNGFlags.Flag3" name="method1" time="0.002"/>
  <system-out>
    <![CDATA[Login Test case!!!]]>
  </system-out>
  <testcase classname="testNGFlags.Flag3" name="method1" time="0.001"/>
  <system-out>
    <![CDATA[Login Test case!!!]]>
  </system-out>
  <testcase classname="testNGFlags.Flag3" name="method1" time="0.001"/>
  <system-out>
    <![CDATA[Login Test case!!!]]>
  </system-out>
  <testcase classname="testNGFlags.Flag3" name="method1" time="0.001"/>
  <system-out>
    <![CDATA[Login Test case!!!]]>
  </system-out>
  <testcase classname="testNGFlags.Flag3" name="method1" time="0.001"/>
  <system-out>
    <![CDATA[Login Test case!!!]]>
  </system-out>
  <testcase classname="testNGFlags.Flag3" name="method1" time="0.002"/>
  <system-out>
    <![CDATA[Login Test case!!!]]>
  </system-out>
  <testcase classname="testNGFlags.Flag3" name="method1" time="0.002"/>
  <system-out>
    <![CDATA[Login Test case!!!]]>
  </system-out>
  <testcase classname="testNGFlags.Flag3" name="method1" time="0.000"/>
  <system-out>
    <![CDATA[Login Test case!!!]]>
  </system-out>
  <testcase classname="testNGFlags.Flag3" name="method1" time="0.002"/>
  <system-out>
    <![CDATA[Login Test case!!!]]>
  </system-out>
  <testcase classname="testNGFlags.Flag3" name="method1" time="0.003"/>
  <system-out>
    <![CDATA[Login Test case!!!]]>
  </system-out>
  <testcase classname="testNGFlags.Flag3" name="method1" time="0.001"/>
  <system-out>
    <![CDATA[Login Test case!!!]]>
  </system-out>
  <testcase classname="testNGFlags.Flag3" name="method1" time="0.001"/>
  <system-out>
    <![CDATA[Login Test case!!!]]>
  </system-out>
  <testcase classname="testNGFlags.Flag3" name="method1" time="0.004"/>
  <system-out>
    <![CDATA[Login Test case!!!]]>
  </system-out>
  <testcase classname="testNGFlags.Flag3" name="method1" time="0.000"/>
  <system-out>
    <![CDATA[Login Test case!!!]]>
  </system-out>
  <testcase classname="testNGFlags.Flag3" name="method1" time="0.000"/>
  <system-out>
    <![CDATA[Login Test case!!!]]>
  </system-out>
  <testcase classname="testNGFlags.Flag3" name="method1" time="0.003"/>
  <system-out>
    <![CDATA[Login Test case!!!]]>
  </system-out>
  <testcase classname="testNGFlags.Flag3" name="method1" time="0.002"/>
  <system-out>
    <![CDATA[Login Test case!!!]]>
  </system-out>
  <testcase classname="testNGFlags.Flag3" name="method1" time="0.002"/>
  <system-out>
    <![CDATA[Login Test case!!!]]>
  </system-out>
  <testcase classname="testNGFlags.Flag3" name="method1" time="0.004"/>
  <system-out>
    <![CDATA[Login Test case!!!]]>
  </system-out>
  <testcase classname="testNGFlags.Flag3" name="method1" time="0.001"/>
  <system-out>
    <![CDATA[Login Test case!!!]]>
  </system-out>
  <testcase classname="testNGFlags.Flag3" name="method1" time="0.004"/>
  <system-out>
    <![CDATA[Login Test case!!!]]>
  </system-out>
  <testcase classname="testNGFlags.Flag3" name="method1" time="0.001"/>
  <system-out>
    <![CDATA[Login Test case!!!]]>
  </system-out>
  <testcase classname="testNGFlags.Flag3" name="method1" time="0.002"/>
  <system-out>
    <![CDATA[Login Test case!!!]]>
  </system-out>
  <testcase classname="testNGFlags.Flag3" name="method1" time="0.000"/>
  <system-out>
    <![CDATA[Login Test case!!!]]>
  </system-out>
  <testcase classname="testNGFlags.Flag3" name="method1" time="0.002"/>
  <system-out>
    <![CDATA[Login Test case!!!]]>
  </system-out>
  <testcase classname="testNGFlags.Flag3" name="method1" time="0.000"/>
  <system-out>
    <![CDATA[Login Test case!!!]]>
  </system-out>
  <testcase classname="testNGFlags.Flag3" name="method1" time="0.001"/>
  <system-out>
    <![CDATA[Login Test case!!!]]>
  </system-out>
  <testcase classname="testNGFlags.Flag3" name="method1" time="0.000"/>
  <system-out>
    <![CDATA[Login Test case!!!]]>
  </system-out>
  <testcase classname="testNGFlags.Flag3" name="method1" time="0.000"/>
  <system-out>
    <![CDATA[Login Test case!!!]]>
  </system-out>
  <testcase classname="testNGFlags.Flag3" name="method1" time="0.001"/>
  <system-out>
    <![CDATA[Login Test case!!!]]>
  </system-out>
  <testcase classname="testNGFlags.Flag3" name="method1" time="0.003"/>
  <system-out>
    <![CDATA[Login Test case!!!]]>
  </system-out>
  <testcase classname="testNGFlags.Flag3" name="method1" time="0.001"/>
  <system-out>
    <![CDATA[Login Test case!!!]]>
  </system-out>
  <testcase classname="testNGFlags.Flag3" name="method1" time="0.001"/>
  <system-out>
    <![CDATA[Login Test case!!!]]>
  </system-out>
  <testcase classname="testNGFlags.Flag3" name="method1" time="0.000"/>
  <system-out>
    <![CDATA[Login Test case!!!]]>
  </system-out>
  <testcase classname="testNGFlags.Flag3" name="method1" time="0.001"/>
  <system-out>
    <![CDATA[Login Test case!!!]]>
  </system-out>
  <testcase classname="testNGFlags.Flag3" name="method1" time="0.001"/>
  <system-out>
    <![CDATA[Login Test case!!!]]>
  </system-out>
  <testcase classname="testNGFlags.Flag3" name="method1" time="0.003"/>
  <system-out>
    <![CDATA[Login Test case!!!]]>
  </system-out>
  <testcase classname="testNGFlags.Flag3" name="method1" time="0.001"/>
  <system-out>
    <![CDATA[Login Test case!!!]]>
  </system-out>
  <testcase classname="testNGFlags.Flag3" name="method1" time="0.001"/>
  <system-out>
    <![CDATA[Login Test case!!!]]>
  </system-out>
  <testcase classname="testNGFlags.Flag3" name="method1" time="0.001"/>
  <system-out>
    <![CDATA[Login Test case!!!]]>
  </system-out>
  <testcase classname="testNGFlags.Flag3" name="method1" time="0.002"/>
  <system-out>
    <![CDATA[Login Test case!!!]]>
  </system-out>
  <testcase classname="testNGFlags.Flag3" name="method1" time="0.004"/>
  <system-out>
    <![CDATA[Login Test case!!!]]>
  </system-out>
  <testcase classname="testNGFlags.Flag3" name="method1" time="0.001"/>
  <system-out>
    <![CDATA[Login Test case!!!]]>
  </system-out>
  <testcase classname="testNGFlags.Flag3" name="method1" time="0.002"/>
  <system-out>
    <![CDATA[Login Test case!!!]]>
  </system-out>
  <testcase classname="testNGFlags.Flag3" name="method1" time="0.000"/>
  <system-out>
    <![CDATA[Login Test case!!!]]>
  </system-out>
  <testcase classname="testNGFlags.Flag3" name="method1" time="0.001"/>
  <system-out>
    <![CDATA[Login Test case!!!]]>
  </system-out>
  <testcase classname="testNGFlags.Flag3" name="method1" time="0.001"/>
  <system-out>
    <![CDATA[Login Test case!!!]]>
  </system-out>
  <testcase classname="testNGFlags.Flag3" name="method1" time="0.003"/>
  <system-out>
    <![CDATA[Login Test case!!!]]>
  </system-out>
  <testcase classname="testNGFlags.Flag3" name="method1" time="0.002"/>
  <system-out>
    <![CDATA[Login Test case!!!]]>
  </system-out>
  <testcase classname="testNGFlags.Flag3" name="method1" time="0.002"/>
  <system-out>
    <![CDATA[Login Test case!!!]]>
  </system-out>
  <testcase classname="testNGFlags.Flag3" name="method1" time="0.002"/>
  <system-out>
    <![CDATA[Login Test case!!!]]>
  </system-out>
  <testcase classname="testNGFlags.Flag3" name="method1" time="0.001"/>
  <system-out>
    <![CDATA[Login Test case!!!]]>
  </system-out>
  <testcase classname="testNGFlags.Flag3" name="method1" time="0.001"/>
  <system-out>
    <![CDATA[Login Test case!!!]]>
  </system-out>
  <testcase classname="testNGFlags.Flag3" name="method1" time="0.000"/>
  <system-out>
    <![CDATA[Login Test case!!!]]>
  </system-out>
  <testcase classname="testNGFlags.Flag3" name="method1" time="0.001"/>
  <system-out>
    <![CDATA[Login Test case!!!]]>
  </system-out>
  <testcase classname="testNGFlags.Flag3" name="method1" time="0.001"/>
  <system-out>
    <![CDATA[Login Test case!!!]]>
  </system-out>
  <testcase classname="testNGFlags.Flag3" name="method1" time="0.002"/>
  <system-out>
    <![CDATA[Login Test case!!!]]>
  </system-out>
  <testcase classname="testNGFlags.Flag3" name="method1" time="0.004"/>
  <system-out>
    <![CDATA[Login Test case!!!]]>
  </system-out>
  <testcase classname="testNGFlags.Flag3" name="method1" time="0.001"/>
  <system-out>
    <![CDATA[Login Test case!!!]]>
  </system-out>
  <testcase classname="testNGFlags.Flag3" name="method1" time="0.003"/>
  <system-out>
    <![CDATA[Login Test case!!!]]>
  </system-out>
  <testcase classname="testNGFlags.Flag3" name="method1" time="0.001"/>
  <system-out>
    <![CDATA[Login Test case!!!]]>
  </system-out>
  <testcase classname="testNGFlags.Flag3" name="method1" time="0.004"/>
  <system-out>
    <![CDATA[Login Test case!!!]]>
  </system-out>
  <testcase classname="testNGFlags.Flag3" name="method1" time="0.001"/>
  <system-out>
    <![CDATA[Login Test case!!!]]>
  </system-out>
  <testcase classname="testNGFlags.Flag3" name="method1" time="0.001"/>
  <system-out>
    <![CDATA[Login Test case!!!]]>
  </system-out>
  <testcase classname="testNGFlags.Flag3" name="method1" time="0.001"/>
  <system-out>
    <![CDATA[Login Test case!!!]]>
  </system-out>
  <testcase classname="testNGFlags.Flag3" name="method1" time="0.001"/>
  <system-out>
    <![CDATA[Login Test case!!!]]>
  </system-out>
  <testcase classname="testNGFlags.Flag3" name="method1" time="0.001"/>
  <system-out>
    <![CDATA[Login Test case!!!]]>
  </system-out>
  <testcase classname="testNGFlags.Flag3" name="method1" time="0.001"/>
  <system-out>
    <![CDATA[Login Test case!!!]]>
  </system-out>
  <testcase classname="testNGFlags.Flag3" name="method1" time="0.002"/>
  <system-out>
    <![CDATA[Login Test case!!!]]>
  </system-out>
  <testcase classname="testNGFlags.Flag3" name="method1" time="0.002"/>
  <system-out>
    <![CDATA[Login Test case!!!]]>
  </system-out>
  <testcase classname="testNGFlags.Flag3" name="method1" time="0.001"/>
  <system-out>
    <![CDATA[Login Test case!!!]]>
  </system-out>
  <testcase classname="testNGFlags.Flag3" name="method1" time="0.001"/>
  <system-out>
    <![CDATA[Login Test case!!!]]>
  </system-out>
  <testcase classname="testNGFlags.Flag3" name="method1" time="0.001"/>
  <system-out>
    <![CDATA[Login Test case!!!]]>
  </system-out>
  <testcase classname="testNGFlags.Flag3" name="method1" time="0.001"/>
  <system-out>
    <![CDATA[Login Test case!!!]]>
  </system-out>
  <testcase classname="testNGFlags.Flag3" name="method1" time="0.001"/>
  <system-out>
    <![CDATA[Login Test case!!!]]>
  </system-out>
  <testcase classname="testNGFlags.Flag3" name="method1" time="0.000"/>
  <system-out>
    <![CDATA[Login Test case!!!]]>
  </system-out>
  <testcase classname="testNGFlags.Flag3" name="method1" time="0.002"/>
  <system-out>
    <![CDATA[Login Test case!!!]]>
  </system-out>
  <testcase classname="testNGFlags.Flag3" name="method1" time="0.004"/>
  <system-out>
    <![CDATA[Login Test case!!!]]>
  </system-out>
  <testcase classname="testNGFlags.Flag3" name="method1" time="0.000"/>
  <system-out>
    <![CDATA[Login Test case!!!]]>
  </system-out>
  <testcase classname="testNGFlags.Flag3" name="method1" time="0.003"/>
  <system-out>
    <![CDATA[Login Test case!!!]]>
  </system-out>
  <testcase classname="testNGFlags.Flag3" name="method1" time="0.000"/>
  <system-out>
    <![CDATA[Login Test case!!!]]>
  </system-out>
  <testcase classname="testNGFlags.Flag3" name="method1" time="0.001"/>
  <system-out>
    <![CDATA[Login Test case!!!]]>
  </system-out>
  <testcase classname="testNGFlags.Flag3" name="method1" time="0.001"/>
  <system-out>
    <![CDATA[Login Test case!!!]]>
  </system-out>
  <testcase classname="testNGFlags.Flag3" name="method1" time="0.001"/>
  <system-out>
    <![CDATA[Login Test case!!!]]>
  </system-out>
  <testcase classname="testNGFlags.Flag3" name="method1" time="0.004"/>
  <system-out>
    <![CDATA[Login Test case!!!]]>
  </system-out>
  <testcase classname="testNGFlags.Flag3" name="method1" time="0.001"/>
  <system-out>
    <![CDATA[Login Test case!!!]]>
  </system-out>
  <testcase classname="testNGFlags.Flag3" name="method1" time="0.002"/>
  <system-out>
    <![CDATA[Login Test case!!!]]>
  </system-out>
  <testcase classname="testNGFlags.Flag3" name="method1" time="0.001"/>
  <system-out>
    <![CDATA[Login Test case!!!]]>
  </system-out>
  <testcase classname="testNGFlags.Flag3" name="method1" time="0.001"/>
  <system-out>
    <![CDATA[Login Test case!!!]]>
  </system-out>
  <testcase classname="testNGFlags.Flag3" name="method1" time="0.001"/>
  <system-out>
    <![CDATA[Login Test case!!!]]>
  </system-out>
  <testcase classname="testNGFlags.Flag3" name="method1" time="0.005"/>
  <system-out>
    <![CDATA[Login Test case!!!]]>
  </system-out>
  <testcase classname="testNGFlags.Flag3" name="method1" time="0.001"/>
  <system-out>
    <![CDATA[Login Test case!!!]]>
  </system-out>
  <testcase classname="testNGFlags.Flag3" name="method1" time="0.000"/>
  <system-out>
    <![CDATA[Login Test case!!!]]>
  </system-out>
  <testcase classname="testNGFlags.Flag3" name="method1" time="0.001"/>
  <system-out>
    <![CDATA[Login Test case!!!]]>
  </system-out>
  <testcase classname="testNGFlags.Flag3" name="method1" time="0.001"/>
  <system-out>
    <![CDATA[Login Test case!!!]]>
  </system-out>
  <testcase classname="testNGFlags.Flag3" name="method1" time="0.002"/>
  <system-out>
    <![CDATA[Login Test case!!!]]>
  </system-out>
  <testcase classname="testNGFlags.Flag3" name="method1" time="0.000"/>
  <system-out>
    <![CDATA[Login Test case!!!]]>
  </system-out>
  <testcase classname="testNGFlags.Flag3" name="method1" time="0.001"/>
  <system-out>
    <![CDATA[Login Test case!!!]]>
  </system-out>
  <testcase classname="testNGFlags.Flag3" name="method1" time="0.001"/>
  <system-out>
    <![CDATA[Login Test case!!!]]>
  </system-out>
  <testcase classname="testNGFlags.Flag3" name="method1" time="0.002"/>
  <system-out>
    <![CDATA[Login Test case!!!]]>
  </system-out>
  <testcase classname="testNGFlags.Flag3" name="method1" time="0.001"/>
  <system-out>
    <![CDATA[Login Test case!!!]]>
  </system-out>
  <testcase classname="testNGFlags.Flag3" name="method1" time="0.004"/>
  <system-out>
    <![CDATA[Login Test case!!!]]>
  </system-out>
  <testcase classname="testNGFlags.Flag3" name="method1" time="0.002"/>
  <system-out>
    <![CDATA[Login Test case!!!]]>
  </system-out>
  <testcase classname="testNGFlags.Flag3" name="method1" time="0.001"/>
  <system-out>
    <![CDATA[Login Test case!!!]]>
  </system-out>
  <testcase classname="testNGFlags.Flag3" name="method1" time="0.000"/>
  <system-out>
    <![CDATA[Login Test case!!!]]>
  </system-out>
  <testcase classname="testNGFlags.Flag3" name="method1" time="0.002"/>
  <system-out>
    <![CDATA[Login Test case!!!]]>
  </system-out>
  <testcase classname="testNGFlags.Flag3" name="method1" time="0.001"/>
  <system-out>
    <![CDATA[Login Test case!!!]]>
  </system-out>
  <testcase classname="testNGFlags.Flag3" name="method1" time="0.001"/>
  <system-out>
    <![CDATA[Login Test case!!!]]>
  </system-out>
</testsuite> <!-- testNGFlags.Flag3 -->
