<?xml version="1.0" encoding="UTF-8"?>
<!-- Generated by org.testng.reporters.JUnitXMLReporter -->
<testsuite ignored="0" hostname="DESKTOP-CDRD54P" failures="0" tests="5" name="Default test" time="38.18" errors="0" timestamp="2023-05-30T11:09:13 IST">
  <testcase classname="dynamicTakesreenshot.ActitimeDataProvider" name="loginInvalid" time="2.689"/>
  <testcase classname="dynamicTakesreenshot.ActitimeDataProvider" name="loginInvalid" time="2.668"/>
  <testcase classname="dynamicTakesreenshot.ActitimeDataProvider" name="loginInvalid" time="2.673"/>
  <testcase classname="dynamicTakesreenshot.ActitimeDataProvider" name="loginInvalid" time="2.701"/>
  <testcase classname="dynamicTakesreenshot.ActitimeDataProvider" name="loginInvalid" time="2.755"/>
</testsuite> <!-- Default test -->
