<?xml version="1.0" encoding="UTF-8"?>
<testng-results ignored="0" total="5" passed="5" failed="0" skipped="0">
  <reporter-output>
  </reporter-output>
  <suite started-at="2023-05-30T11:08:35 IST" name="Default suite" finished-at="2023-05-30T11:09:13 IST" duration-ms="38180">
    <groups>
    </groups>
    <test started-at="2023-05-30T11:08:35 IST" name="Default test" finished-at="2023-05-30T11:09:13 IST" duration-ms="38180">
      <class name="dynamicTakesreenshot.ActitimeDataProvider">
        <test-method is-config="true" signature="property()[pri:0, instance:dynamicTakesreenshot.ActitimeDataProvider@73700b80]" started-at="2023-05-30T11:08:35 IST" name="property" finished-at="2023-05-30T11:08:35 IST" duration-ms="25" status="PASS">
          <reporter-output>
          </reporter-output>
        </test-method> <!-- property -->
        <test-method is-config="true" signature="setUp()[pri:0, instance:dynamicTakesreenshot.ActitimeDataProvider@73700b80]" started-at="2023-05-30T11:08:35 IST" name="setUp" finished-at="2023-05-30T11:08:38 IST" duration-ms="3404" status="PASS">
          <reporter-output>
          </reporter-output>
        </test-method> <!-- setUp -->
        <test-method signature="loginInvalid(java.lang.String,java.lang.String)[pri:0, instance:dynamicTakesreenshot.ActitimeDataProvider@73700b80]" started-at="2023-05-30T11:08:38 IST" name="loginInvalid" data-provider="testActiTime" finished-at="2023-05-30T11:08:41 IST" duration-ms="2689" status="PASS">
          <params>
            <param index="0">
              <value>
                <![CDATA[Admin$]]>
              </value>
            </param>
            <param index="1">
              <value>
                <![CDATA[Manager$]]>
              </value>
            </param>
          </params>
          <reporter-output>
          </reporter-output>
        </test-method> <!-- loginInvalid -->
        <test-method is-config="true" signature="tearDown()[pri:0, instance:dynamicTakesreenshot.ActitimeDataProvider@73700b80]" started-at="2023-05-30T11:08:41 IST" name="tearDown" finished-at="2023-05-30T11:08:43 IST" duration-ms="2522" status="PASS">
          <reporter-output>
          </reporter-output>
        </test-method> <!-- tearDown -->
        <test-method is-config="true" signature="setUp()[pri:0, instance:dynamicTakesreenshot.ActitimeDataProvider@73700b80]" started-at="2023-05-30T11:08:43 IST" name="setUp" finished-at="2023-05-30T11:08:46 IST" duration-ms="2284" status="PASS">
          <reporter-output>
          </reporter-output>
        </test-method> <!-- setUp -->
        <test-method signature="loginInvalid(java.lang.String,java.lang.String)[pri:0, instance:dynamicTakesreenshot.ActitimeDataProvider@73700b80]" started-at="2023-05-30T11:08:46 IST" name="loginInvalid" data-provider="testActiTime" finished-at="2023-05-30T11:08:48 IST" duration-ms="2668" status="PASS">
          <params>
            <param index="0">
              <value>
                <![CDATA[Admin123]]>
              </value>
            </param>
            <param index="1">
              <value>
                <![CDATA[Manager123]]>
              </value>
            </param>
          </params>
          <reporter-output>
          </reporter-output>
        </test-method> <!-- loginInvalid -->
        <test-method is-config="true" signature="tearDown()[pri:0, instance:dynamicTakesreenshot.ActitimeDataProvider@73700b80]" started-at="2023-05-30T11:08:48 IST" name="tearDown" finished-at="2023-05-30T11:08:51 IST" duration-ms="2470" status="PASS">
          <reporter-output>
          </reporter-output>
        </test-method> <!-- tearDown -->
        <test-method is-config="true" signature="setUp()[pri:0, instance:dynamicTakesreenshot.ActitimeDataProvider@73700b80]" started-at="2023-05-30T11:08:51 IST" name="setUp" finished-at="2023-05-30T11:08:53 IST" duration-ms="2040" status="PASS">
          <reporter-output>
          </reporter-output>
        </test-method> <!-- setUp -->
        <test-method signature="loginInvalid(java.lang.String,java.lang.String)[pri:0, instance:dynamicTakesreenshot.ActitimeDataProvider@73700b80]" started-at="2023-05-30T11:08:53 IST" name="loginInvalid" data-provider="testActiTime" finished-at="2023-05-30T11:08:56 IST" duration-ms="2673" status="PASS">
          <params>
            <param index="0">
              <value>
                <![CDATA[Admin@]]>
              </value>
            </param>
            <param index="1">
              <value>
                <![CDATA[Manager@]]>
              </value>
            </param>
          </params>
          <reporter-output>
          </reporter-output>
        </test-method> <!-- loginInvalid -->
        <test-method is-config="true" signature="tearDown()[pri:0, instance:dynamicTakesreenshot.ActitimeDataProvider@73700b80]" started-at="2023-05-30T11:08:56 IST" name="tearDown" finished-at="2023-05-30T11:08:58 IST" duration-ms="2325" status="PASS">
          <reporter-output>
          </reporter-output>
        </test-method> <!-- tearDown -->
        <test-method is-config="true" signature="setUp()[pri:0, instance:dynamicTakesreenshot.ActitimeDataProvider@73700b80]" started-at="2023-05-30T11:08:58 IST" name="setUp" finished-at="2023-05-30T11:09:00 IST" duration-ms="2182" status="PASS">
          <reporter-output>
          </reporter-output>
        </test-method> <!-- setUp -->
        <test-method signature="loginInvalid(java.lang.String,java.lang.String)[pri:0, instance:dynamicTakesreenshot.ActitimeDataProvider@73700b80]" started-at="2023-05-30T11:09:00 IST" name="loginInvalid" data-provider="testActiTime" finished-at="2023-05-30T11:09:03 IST" duration-ms="2701" status="PASS">
          <params>
            <param index="0">
              <value>
                <![CDATA[Admi_n]]>
              </value>
            </param>
            <param index="1">
              <value>
                <![CDATA[Manage_r]]>
              </value>
            </param>
          </params>
          <reporter-output>
          </reporter-output>
        </test-method> <!-- loginInvalid -->
        <test-method is-config="true" signature="tearDown()[pri:0, instance:dynamicTakesreenshot.ActitimeDataProvider@73700b80]" started-at="2023-05-30T11:09:03 IST" name="tearDown" finished-at="2023-05-30T11:09:05 IST" duration-ms="2431" status="PASS">
          <reporter-output>
          </reporter-output>
        </test-method> <!-- tearDown -->
        <test-method is-config="true" signature="setUp()[pri:0, instance:dynamicTakesreenshot.ActitimeDataProvider@73700b80]" started-at="2023-05-30T11:09:05 IST" name="setUp" finished-at="2023-05-30T11:09:08 IST" duration-ms="2573" status="PASS">
          <reporter-output>
          </reporter-output>
        </test-method> <!-- setUp -->
        <test-method signature="loginInvalid(java.lang.String,java.lang.String)[pri:0, instance:dynamicTakesreenshot.ActitimeDataProvider@73700b80]" started-at="2023-05-30T11:09:08 IST" name="loginInvalid" data-provider="testActiTime" finished-at="2023-05-30T11:09:10 IST" duration-ms="2755" status="PASS">
          <params>
            <param index="0">
              <value>
                <![CDATA[ADMIN]]>
              </value>
            </param>
            <param index="1">
              <value>
                <![CDATA[MANAGER]]>
              </value>
            </param>
          </params>
          <reporter-output>
          </reporter-output>
        </test-method> <!-- loginInvalid -->
        <test-method is-config="true" signature="tearDown()[pri:0, instance:dynamicTakesreenshot.ActitimeDataProvider@73700b80]" started-at="2023-05-30T11:09:10 IST" name="tearDown" finished-at="2023-05-30T11:09:13 IST" duration-ms="2336" status="PASS">
          <reporter-output>
          </reporter-output>
        </test-method> <!-- tearDown -->
      </class> <!-- dynamicTakesreenshot.ActitimeDataProvider -->
    </test> <!-- Default test -->
  </suite> <!-- Default suite -->
</testng-results>
