<?xml version="1.0" encoding="UTF-8"?>
<testng-results ignored="0" total="1" passed="1" failed="0" skipped="0">
  <reporter-output>
  </reporter-output>
  <suite started-at="2023-06-03T12:55:30 IST" name="Default suite" finished-at="2023-06-03T12:56:26 IST" duration-ms="55778">
    <groups>
    </groups>
    <test started-at="2023-06-03T12:55:30 IST" name="Default test" finished-at="2023-06-03T12:56:26 IST" duration-ms="55778">
      <class name="testPackage.ValidEndtToEndTestCase">
        <test-method is-config="true" signature="setup()[pri:0, instance:testPackage.ValidEndtToEndTestCase@4944252c]" started-at="2023-06-03T12:55:30 IST" name="setup" finished-at="2023-06-03T12:55:33 IST" duration-ms="2625" status="PASS">
          <reporter-output>
          </reporter-output>
        </test-method> <!-- setup -->
        <test-method signature="endtoendmethod()[pri:0, instance:testPackage.ValidEndtToEndTestCase@4944252c]" started-at="2023-06-03T12:55:33 IST" name="endtoendmethod" finished-at="2023-06-03T12:56:26 IST" duration-ms="52831" status="PASS">
          <reporter-output>
          </reporter-output>
        </test-method> <!-- endtoendmethod -->
        <test-method is-config="true" signature="tearDown()[pri:0, instance:testPackage.ValidEndtToEndTestCase@4944252c]" started-at="2023-06-03T12:56:26 IST" name="tearDown" finished-at="2023-06-03T12:56:26 IST" duration-ms="262" status="PASS">
          <reporter-output>
          </reporter-output>
        </test-method> <!-- tearDown -->
      </class> <!-- testPackage.ValidEndtToEndTestCase -->
    </test> <!-- Default test -->
  </suite> <!-- Default suite -->
</testng-results>
